2016-03-31 23:02:10,736 [Worker-6] INFO  o.e.m.c.i.l.LifecycleMappingFactory - Using org.eclipse.m2e.jdt.JarLifecycleMapping lifecycle mapping for MavenProject: ArabicRomansNumbers:ArabicRomansNumbers:0.0.1-SNAPSHOT @ /Users/lou/Desktop/universita/magistrale/progettazioneDelSoftware/eclipseTDD/ArabicRomansNumbers/pom.xml.
2016-03-31 23:02:11,250 [Worker-1] WARN  o.e.m.c.i.embedder.EclipseLogger - Using platform encoding (UTF-8 actually) to copy filtered resources, i.e. build is platform dependent!
2016-03-31 23:02:11,253 [Worker-1] INFO  o.e.m.c.i.embedder.EclipseLogger - skip non existing resourceDirectory /Users/lou/Desktop/universita/magistrale/progettazioneDelSoftware/eclipseTDD/ArabicRomansNumbers/src/main/resources
2016-03-31 23:02:11,257 [Worker-1] WARN  o.e.m.c.i.embedder.EclipseLogger - Using platform encoding (UTF-8 actually) to copy filtered resources, i.e. build is platform dependent!
2016-03-31 23:02:11,257 [Worker-1] INFO  o.e.m.c.i.embedder.EclipseLogger - skip non existing resourceDirectory /Users/lou/Desktop/universita/magistrale/progettazioneDelSoftware/eclipseTDD/ArabicRomansNumbers/src/test/resources
2016-03-31 23:02:11,315 [Worker-6] INFO  o.e.m.j.i.AbstractJavaProjectConfigurator - Adding source folder /ArabicRomansNumbers/src
2016-03-31 23:02:11,316 [Worker-6] INFO  o.e.m.j.i.AbstractJavaProjectConfigurator - Not adding source folder /ArabicRomansNumbers/src/test/java because it overlaps with /ArabicRomansNumbers/src
2016-03-31 23:02:11,482 [Worker-6] INFO  o.e.m.c.i.p.ProjectConfigurationManager - Update started
2016-03-31 23:02:11,560 [Worker-6] INFO  o.e.m.c.i.l.LifecycleMappingFactory - Using org.eclipse.m2e.jdt.JarLifecycleMapping lifecycle mapping for MavenProject: ArabicRomansNumbers:ArabicRomansNumbers:0.0.1-SNAPSHOT @ /Users/lou/Desktop/universita/magistrale/progettazioneDelSoftware/eclipseTDD/ArabicRomansNumbers/pom.xml.
2016-03-31 23:02:11,674 [Worker-6] INFO  o.e.m.j.i.AbstractJavaProjectConfigurator - Adding source folder /ArabicRomansNumbers/src
2016-03-31 23:02:11,676 [Worker-6] INFO  o.e.m.j.i.AbstractJavaProjectConfigurator - Not adding source folder /ArabicRomansNumbers/src/test/java because it overlaps with /ArabicRomansNumbers/src
2016-03-31 23:02:11,732 [Worker-6] INFO  o.e.m.c.i.p.ProjectConfigurationManager - Update completed: 0 sec
2016-03-31 23:02:12,302 [Worker-7] WARN  o.e.m.c.i.embedder.EclipseLogger - Using platform encoding (UTF-8 actually) to copy filtered resources, i.e. build is platform dependent!
2016-03-31 23:02:12,303 [Worker-7] INFO  o.e.m.c.i.embedder.EclipseLogger - skip non existing resourceDirectory /Users/lou/Desktop/universita/magistrale/progettazioneDelSoftware/eclipseTDD/ArabicRomansNumbers/src/main/resources
2016-03-31 23:02:12,304 [Worker-7] WARN  o.e.m.c.i.embedder.EclipseLogger - Using platform encoding (UTF-8 actually) to copy filtered resources, i.e. build is platform dependent!
2016-03-31 23:02:12,305 [Worker-7] INFO  o.e.m.c.i.embedder.EclipseLogger - skip non existing resourceDirectory /Users/lou/Desktop/universita/magistrale/progettazioneDelSoftware/eclipseTDD/ArabicRomansNumbers/src/test/resources
2016-03-31 23:02:25,430 [Worker-5] INFO  o.e.m.c.i.l.LifecycleMappingFactory - Using org.eclipse.m2e.jdt.JarLifecycleMapping lifecycle mapping for MavenProject: ArabicRomansNumbers:ArabicRomansNumbers:0.0.1-SNAPSHOT @ /Users/lou/Desktop/universita/magistrale/progettazioneDelSoftware/eclipseTDD/ArabicRomansNumbers/pom.xml.
2016-03-31 23:02:26,191 [Worker-5] INFO  o.e.m.c.i.e.AbstractTransferListenerAdapter - Downloading http://repo.maven.apache.org/maven2/junit/junit/4.12/junit-4.12.pom
2016-03-31 23:02:26,300 [Worker-5] INFO  o.e.m.c.i.e.AbstractTransferListenerAdapter - Downloaded http://repo.maven.apache.org/maven2/junit/junit/4.12/junit-4.12.pom
2016-03-31 23:02:26,347 [Worker-5] INFO  o.e.m.c.i.e.AbstractTransferListenerAdapter - Downloading http://repo.maven.apache.org/maven2/org/hamcrest/hamcrest-core/1.3/hamcrest-core-1.3.pom
2016-03-31 23:02:26,421 [Worker-5] INFO  o.e.m.c.i.e.AbstractTransferListenerAdapter - Downloaded http://repo.maven.apache.org/maven2/org/hamcrest/hamcrest-core/1.3/hamcrest-core-1.3.pom
2016-03-31 23:02:26,467 [Worker-5] INFO  o.e.m.c.i.e.AbstractTransferListenerAdapter - Downloading http://repo.maven.apache.org/maven2/junit/junit/4.12/junit-4.12.jar
2016-03-31 23:02:26,699 [Worker-5] INFO  o.e.m.c.i.e.AbstractTransferListenerAdapter - Downloaded http://repo.maven.apache.org/maven2/junit/junit/4.12/junit-4.12.jar
2016-03-31 23:02:26,734 [Worker-5] INFO  o.e.m.c.i.e.AbstractTransferListenerAdapter - Downloading http://repo.maven.apache.org/maven2/org/hamcrest/hamcrest-core/1.3/hamcrest-core-1.3.jar
2016-03-31 23:02:26,821 [Worker-5] INFO  o.e.m.c.i.e.AbstractTransferListenerAdapter - Downloaded http://repo.maven.apache.org/maven2/org/hamcrest/hamcrest-core/1.3/hamcrest-core-1.3.jar
2016-03-31 23:02:26,929 [Worker-5] WARN  o.e.m.c.i.embedder.EclipseLogger - Using platform encoding (UTF-8 actually) to copy filtered resources, i.e. build is platform dependent!
2016-03-31 23:02:26,930 [Worker-5] INFO  o.e.m.c.i.embedder.EclipseLogger - skip non existing resourceDirectory /Users/lou/Desktop/universita/magistrale/progettazioneDelSoftware/eclipseTDD/ArabicRomansNumbers/src/main/resources
2016-03-31 23:02:26,936 [Worker-5] WARN  o.e.m.c.i.embedder.EclipseLogger - Using platform encoding (UTF-8 actually) to copy filtered resources, i.e. build is platform dependent!
2016-03-31 23:02:26,936 [Worker-5] INFO  o.e.m.c.i.embedder.EclipseLogger - skip non existing resourceDirectory /Users/lou/Desktop/universita/magistrale/progettazioneDelSoftware/eclipseTDD/ArabicRomansNumbers/src/test/resources
2016-03-31 23:02:28,087 [Worker-2] WARN  o.e.m.c.i.embedder.EclipseLogger - Using platform encoding (UTF-8 actually) to copy filtered resources, i.e. build is platform dependent!
2016-03-31 23:02:28,088 [Worker-2] INFO  o.e.m.c.i.embedder.EclipseLogger - skip non existing resourceDirectory /Users/lou/Desktop/universita/magistrale/progettazioneDelSoftware/eclipseTDD/ArabicRomansNumbers/src/main/resources
2016-03-31 23:02:28,090 [Worker-2] WARN  o.e.m.c.i.embedder.EclipseLogger - Using platform encoding (UTF-8 actually) to copy filtered resources, i.e. build is platform dependent!
2016-03-31 23:02:28,091 [Worker-2] INFO  o.e.m.c.i.embedder.EclipseLogger - skip non existing resourceDirectory /Users/lou/Desktop/universita/magistrale/progettazioneDelSoftware/eclipseTDD/ArabicRomansNumbers/src/test/resources
2016-03-31 23:04:01,429 [Worker-6] WARN  o.e.m.c.i.embedder.EclipseLogger - Using platform encoding (UTF-8 actually) to copy filtered resources, i.e. build is platform dependent!
2016-03-31 23:04:01,430 [Worker-6] INFO  o.e.m.c.i.embedder.EclipseLogger - skip non existing resourceDirectory /Users/lou/Desktop/universita/magistrale/progettazioneDelSoftware/eclipseTDD/ArabicRomansNumbers/src/main/resources
2016-03-31 23:04:01,432 [Worker-6] WARN  o.e.m.c.i.embedder.EclipseLogger - Using platform encoding (UTF-8 actually) to copy filtered resources, i.e. build is platform dependent!
2016-03-31 23:04:01,432 [Worker-6] INFO  o.e.m.c.i.embedder.EclipseLogger - skip non existing resourceDirectory /Users/lou/Desktop/universita/magistrale/progettazioneDelSoftware/eclipseTDD/ArabicRomansNumbers/src/test/resources
2016-03-31 23:06:22,867 [Worker-1] WARN  o.e.m.c.i.embedder.EclipseLogger - Using platform encoding (UTF-8 actually) to copy filtered resources, i.e. build is platform dependent!
2016-03-31 23:06:22,869 [Worker-1] INFO  o.e.m.c.i.embedder.EclipseLogger - skip non existing resourceDirectory /Users/lou/Desktop/universita/magistrale/progettazioneDelSoftware/eclipseTDD/ArabicRomansNumbers/src/main/resources
2016-03-31 23:06:22,872 [Worker-1] WARN  o.e.m.c.i.embedder.EclipseLogger - Using platform encoding (UTF-8 actually) to copy filtered resources, i.e. build is platform dependent!
2016-03-31 23:06:22,873 [Worker-1] INFO  o.e.m.c.i.embedder.EclipseLogger - skip non existing resourceDirectory /Users/lou/Desktop/universita/magistrale/progettazioneDelSoftware/eclipseTDD/ArabicRomansNumbers/src/test/resources
2016-03-31 23:06:37,968 [Worker-7] WARN  o.e.m.c.i.embedder.EclipseLogger - Using platform encoding (UTF-8 actually) to copy filtered resources, i.e. build is platform dependent!
2016-03-31 23:06:37,972 [Worker-7] INFO  o.e.m.c.i.embedder.EclipseLogger - skip non existing resourceDirectory /Users/lou/Desktop/universita/magistrale/progettazioneDelSoftware/eclipseTDD/ArabicRomansNumbers/src/main/resources
2016-03-31 23:06:37,976 [Worker-7] WARN  o.e.m.c.i.embedder.EclipseLogger - Using platform encoding (UTF-8 actually) to copy filtered resources, i.e. build is platform dependent!
2016-03-31 23:06:37,977 [Worker-7] INFO  o.e.m.c.i.embedder.EclipseLogger - skip non existing resourceDirectory /Users/lou/Desktop/universita/magistrale/progettazioneDelSoftware/eclipseTDD/ArabicRomansNumbers/src/test/resources
2016-03-31 23:07:02,897 [Worker-4] WARN  o.e.m.c.i.embedder.EclipseLogger - Using platform encoding (UTF-8 actually) to copy filtered resources, i.e. build is platform dependent!
2016-03-31 23:07:02,898 [Worker-4] INFO  o.e.m.c.i.embedder.EclipseLogger - skip non existing resourceDirectory /Users/lou/Desktop/universita/magistrale/progettazioneDelSoftware/eclipseTDD/ArabicRomansNumbers/src/main/resources
2016-03-31 23:07:02,901 [Worker-4] WARN  o.e.m.c.i.embedder.EclipseLogger - Using platform encoding (UTF-8 actually) to copy filtered resources, i.e. build is platform dependent!
2016-03-31 23:07:02,901 [Worker-4] INFO  o.e.m.c.i.embedder.EclipseLogger - skip non existing resourceDirectory /Users/lou/Desktop/universita/magistrale/progettazioneDelSoftware/eclipseTDD/ArabicRomansNumbers/src/test/resources
2016-03-31 23:07:07,338 [Worker-9] WARN  o.e.m.c.i.embedder.EclipseLogger - Using platform encoding (UTF-8 actually) to copy filtered resources, i.e. build is platform dependent!
2016-03-31 23:07:07,339 [Worker-9] INFO  o.e.m.c.i.embedder.EclipseLogger - skip non existing resourceDirectory /Users/lou/Desktop/universita/magistrale/progettazioneDelSoftware/eclipseTDD/ArabicRomansNumbers/src/main/resources
2016-03-31 23:07:07,340 [Worker-9] WARN  o.e.m.c.i.embedder.EclipseLogger - Using platform encoding (UTF-8 actually) to copy filtered resources, i.e. build is platform dependent!
2016-03-31 23:07:07,341 [Worker-9] INFO  o.e.m.c.i.embedder.EclipseLogger - skip non existing resourceDirectory /Users/lou/Desktop/universita/magistrale/progettazioneDelSoftware/eclipseTDD/ArabicRomansNumbers/src/test/resources
2016-03-31 23:07:10,716 [Worker-8] WARN  o.e.m.c.i.embedder.EclipseLogger - Using platform encoding (UTF-8 actually) to copy filtered resources, i.e. build is platform dependent!
2016-03-31 23:07:10,717 [Worker-8] INFO  o.e.m.c.i.embedder.EclipseLogger - skip non existing resourceDirectory /Users/lou/Desktop/universita/magistrale/progettazioneDelSoftware/eclipseTDD/ArabicRomansNumbers/src/main/resources
2016-03-31 23:07:10,720 [Worker-8] WARN  o.e.m.c.i.embedder.EclipseLogger - Using platform encoding (UTF-8 actually) to copy filtered resources, i.e. build is platform dependent!
2016-03-31 23:07:10,720 [Worker-8] INFO  o.e.m.c.i.embedder.EclipseLogger - skip non existing resourceDirectory /Users/lou/Desktop/universita/magistrale/progettazioneDelSoftware/eclipseTDD/ArabicRomansNumbers/src/test/resources
2016-03-31 23:07:19,620 [Worker-5] INFO  o.e.m.c.i.l.LifecycleMappingFactory - Using org.eclipse.m2e.jdt.JarLifecycleMapping lifecycle mapping for MavenProject: ArabicRomansNumbers:ArabicRomansNumbers:0.0.1-SNAPSHOT @ /Users/lou/Desktop/universita/magistrale/progettazioneDelSoftware/eclipseTDD/ArabicRomansNumbers/pom.xml.
2016-03-31 23:07:19,673 [Worker-5] WARN  o.e.m.c.i.embedder.EclipseLogger - Using platform encoding (UTF-8 actually) to copy filtered resources, i.e. build is platform dependent!
2016-03-31 23:07:19,674 [Worker-5] INFO  o.e.m.c.i.embedder.EclipseLogger - skip non existing resourceDirectory /Users/lou/Desktop/universita/magistrale/progettazioneDelSoftware/eclipseTDD/ArabicRomansNumbers/src/main/resources
2016-03-31 23:07:19,675 [Worker-5] WARN  o.e.m.c.i.embedder.EclipseLogger - Using platform encoding (UTF-8 actually) to copy filtered resources, i.e. build is platform dependent!
2016-03-31 23:07:19,676 [Worker-5] INFO  o.e.m.c.i.embedder.EclipseLogger - skip non existing resourceDirectory /Users/lou/Desktop/universita/magistrale/progettazioneDelSoftware/eclipseTDD/ArabicRomansNumbers/src/test/resources
2016-03-31 23:07:23,287 [Worker-8] WARN  o.e.m.c.i.embedder.EclipseLogger - Using platform encoding (UTF-8 actually) to copy filtered resources, i.e. build is platform dependent!
2016-03-31 23:07:23,288 [Worker-8] INFO  o.e.m.c.i.embedder.EclipseLogger - skip non existing resourceDirectory /Users/lou/Desktop/universita/magistrale/progettazioneDelSoftware/eclipseTDD/ArabicRomansNumbers/src/main/resources
2016-03-31 23:07:23,289 [Worker-8] WARN  o.e.m.c.i.embedder.EclipseLogger - Using platform encoding (UTF-8 actually) to copy filtered resources, i.e. build is platform dependent!
2016-03-31 23:07:23,290 [Worker-8] INFO  o.e.m.c.i.embedder.EclipseLogger - skip non existing resourceDirectory /Users/lou/Desktop/universita/magistrale/progettazioneDelSoftware/eclipseTDD/ArabicRomansNumbers/src/test/resources
2016-03-31 23:07:28,550 [Worker-4] WARN  o.e.m.c.i.embedder.EclipseLogger - Using platform encoding (UTF-8 actually) to copy filtered resources, i.e. build is platform dependent!
2016-03-31 23:07:28,552 [Worker-4] INFO  o.e.m.c.i.embedder.EclipseLogger - skip non existing resourceDirectory /Users/lou/Desktop/universita/magistrale/progettazioneDelSoftware/eclipseTDD/ArabicRomansNumbers/src/main/resources
2016-03-31 23:07:28,553 [Worker-4] WARN  o.e.m.c.i.embedder.EclipseLogger - Using platform encoding (UTF-8 actually) to copy filtered resources, i.e. build is platform dependent!
2016-03-31 23:07:28,554 [Worker-4] INFO  o.e.m.c.i.embedder.EclipseLogger - skip non existing resourceDirectory /Users/lou/Desktop/universita/magistrale/progettazioneDelSoftware/eclipseTDD/ArabicRomansNumbers/src/test/resources
2016-03-31 23:07:31,971 [Worker-0] WARN  o.e.m.c.i.embedder.EclipseLogger - Using platform encoding (UTF-8 actually) to copy filtered resources, i.e. build is platform dependent!
2016-03-31 23:07:31,972 [Worker-0] INFO  o.e.m.c.i.embedder.EclipseLogger - skip non existing resourceDirectory /Users/lou/Desktop/universita/magistrale/progettazioneDelSoftware/eclipseTDD/ArabicRomansNumbers/src/main/resources
2016-03-31 23:07:31,973 [Worker-0] WARN  o.e.m.c.i.embedder.EclipseLogger - Using platform encoding (UTF-8 actually) to copy filtered resources, i.e. build is platform dependent!
2016-03-31 23:07:31,974 [Worker-0] INFO  o.e.m.c.i.embedder.EclipseLogger - skip non existing resourceDirectory /Users/lou/Desktop/universita/magistrale/progettazioneDelSoftware/eclipseTDD/ArabicRomansNumbers/src/test/resources
2016-03-31 23:07:39,471 [Worker-7] WARN  o.e.m.c.i.embedder.EclipseLogger - Using platform encoding (UTF-8 actually) to copy filtered resources, i.e. build is platform dependent!
2016-03-31 23:07:39,472 [Worker-7] INFO  o.e.m.c.i.embedder.EclipseLogger - skip non existing resourceDirectory /Users/lou/Desktop/universita/magistrale/progettazioneDelSoftware/eclipseTDD/ArabicRomansNumbers/src/main/resources
2016-03-31 23:07:39,474 [Worker-7] WARN  o.e.m.c.i.embedder.EclipseLogger - Using platform encoding (UTF-8 actually) to copy filtered resources, i.e. build is platform dependent!
2016-03-31 23:07:39,474 [Worker-7] INFO  o.e.m.c.i.embedder.EclipseLogger - skip non existing resourceDirectory /Users/lou/Desktop/universita/magistrale/progettazioneDelSoftware/eclipseTDD/ArabicRomansNumbers/src/test/resources
2016-03-31 23:08:07,503 [Worker-7] WARN  o.e.m.c.i.embedder.EclipseLogger - Using platform encoding (UTF-8 actually) to copy filtered resources, i.e. build is platform dependent!
2016-03-31 23:08:07,504 [Worker-7] INFO  o.e.m.c.i.embedder.EclipseLogger - skip non existing resourceDirectory /Users/lou/Desktop/universita/magistrale/progettazioneDelSoftware/eclipseTDD/ArabicRomansNumbers/src/main/resources
2016-03-31 23:08:07,507 [Worker-7] WARN  o.e.m.c.i.embedder.EclipseLogger - Using platform encoding (UTF-8 actually) to copy filtered resources, i.e. build is platform dependent!
2016-03-31 23:08:07,507 [Worker-7] INFO  o.e.m.c.i.embedder.EclipseLogger - skip non existing resourceDirectory /Users/lou/Desktop/universita/magistrale/progettazioneDelSoftware/eclipseTDD/ArabicRomansNumbers/src/test/resources
2016-03-31 23:08:51,634 [Worker-6] WARN  o.e.m.c.i.embedder.EclipseLogger - Using platform encoding (UTF-8 actually) to copy filtered resources, i.e. build is platform dependent!
2016-03-31 23:08:51,635 [Worker-6] INFO  o.e.m.c.i.embedder.EclipseLogger - skip non existing resourceDirectory /Users/lou/Desktop/universita/magistrale/progettazioneDelSoftware/eclipseTDD/ArabicRomansNumbers/src/main/resources
2016-03-31 23:08:51,637 [Worker-6] WARN  o.e.m.c.i.embedder.EclipseLogger - Using platform encoding (UTF-8 actually) to copy filtered resources, i.e. build is platform dependent!
2016-03-31 23:08:51,638 [Worker-6] INFO  o.e.m.c.i.embedder.EclipseLogger - skip non existing resourceDirectory /Users/lou/Desktop/universita/magistrale/progettazioneDelSoftware/eclipseTDD/ArabicRomansNumbers/src/test/resources
2016-03-31 23:09:58,650 [Worker-5] WARN  o.e.m.c.i.embedder.EclipseLogger - Using platform encoding (UTF-8 actually) to copy filtered resources, i.e. build is platform dependent!
2016-03-31 23:09:58,651 [Worker-5] INFO  o.e.m.c.i.embedder.EclipseLogger - skip non existing resourceDirectory /Users/lou/Desktop/universita/magistrale/progettazioneDelSoftware/eclipseTDD/ArabicRomansNumbers/src/main/resources
2016-03-31 23:09:58,653 [Worker-5] WARN  o.e.m.c.i.embedder.EclipseLogger - Using platform encoding (UTF-8 actually) to copy filtered resources, i.e. build is platform dependent!
2016-03-31 23:09:58,654 [Worker-5] INFO  o.e.m.c.i.embedder.EclipseLogger - skip non existing resourceDirectory /Users/lou/Desktop/universita/magistrale/progettazioneDelSoftware/eclipseTDD/ArabicRomansNumbers/src/test/resources
2016-03-31 23:20:11,452 [Worker-10] WARN  o.e.m.c.i.embedder.EclipseLogger - Using platform encoding (UTF-8 actually) to copy filtered resources, i.e. build is platform dependent!
2016-03-31 23:20:11,463 [Worker-10] INFO  o.e.m.c.i.embedder.EclipseLogger - skip non existing resourceDirectory /Users/lou/Desktop/universita/magistrale/progettazioneDelSoftware/eclipseTDD/ArabicRomansNumbers/src/main/resources
2016-03-31 23:20:11,465 [Worker-10] WARN  o.e.m.c.i.embedder.EclipseLogger - Using platform encoding (UTF-8 actually) to copy filtered resources, i.e. build is platform dependent!
2016-03-31 23:20:11,466 [Worker-10] INFO  o.e.m.c.i.embedder.EclipseLogger - skip non existing resourceDirectory /Users/lou/Desktop/universita/magistrale/progettazioneDelSoftware/eclipseTDD/ArabicRomansNumbers/src/test/resources
2016-03-31 23:21:04,197 [Worker-10] WARN  o.e.m.c.i.embedder.EclipseLogger - Using platform encoding (UTF-8 actually) to copy filtered resources, i.e. build is platform dependent!
2016-03-31 23:21:04,197 [Worker-10] INFO  o.e.m.c.i.embedder.EclipseLogger - skip non existing resourceDirectory /Users/lou/Desktop/universita/magistrale/progettazioneDelSoftware/eclipseTDD/ArabicRomansNumbers/src/main/resources
2016-03-31 23:21:04,199 [Worker-10] WARN  o.e.m.c.i.embedder.EclipseLogger - Using platform encoding (UTF-8 actually) to copy filtered resources, i.e. build is platform dependent!
2016-03-31 23:21:04,199 [Worker-10] INFO  o.e.m.c.i.embedder.EclipseLogger - skip non existing resourceDirectory /Users/lou/Desktop/universita/magistrale/progettazioneDelSoftware/eclipseTDD/ArabicRomansNumbers/src/test/resources
2016-03-31 23:21:06,150 [Worker-11] WARN  o.e.m.c.i.embedder.EclipseLogger - Using platform encoding (UTF-8 actually) to copy filtered resources, i.e. build is platform dependent!
2016-03-31 23:21:06,151 [Worker-11] INFO  o.e.m.c.i.embedder.EclipseLogger - skip non existing resourceDirectory /Users/lou/Desktop/universita/magistrale/progettazioneDelSoftware/eclipseTDD/ArabicRomansNumbers/src/main/resources
2016-03-31 23:21:06,153 [Worker-11] WARN  o.e.m.c.i.embedder.EclipseLogger - Using platform encoding (UTF-8 actually) to copy filtered resources, i.e. build is platform dependent!
2016-03-31 23:21:06,153 [Worker-11] INFO  o.e.m.c.i.embedder.EclipseLogger - skip non existing resourceDirectory /Users/lou/Desktop/universita/magistrale/progettazioneDelSoftware/eclipseTDD/ArabicRomansNumbers/src/test/resources
2016-03-31 23:21:59,148 [Worker-5] WARN  o.e.m.c.i.embedder.EclipseLogger - Using platform encoding (UTF-8 actually) to copy filtered resources, i.e. build is platform dependent!
2016-03-31 23:21:59,150 [Worker-5] INFO  o.e.m.c.i.embedder.EclipseLogger - skip non existing resourceDirectory /Users/lou/Desktop/universita/magistrale/progettazioneDelSoftware/eclipseTDD/ArabicRomansNumbers/src/main/resources
2016-03-31 23:21:59,151 [Worker-5] WARN  o.e.m.c.i.embedder.EclipseLogger - Using platform encoding (UTF-8 actually) to copy filtered resources, i.e. build is platform dependent!
2016-03-31 23:21:59,151 [Worker-5] INFO  o.e.m.c.i.embedder.EclipseLogger - skip non existing resourceDirectory /Users/lou/Desktop/universita/magistrale/progettazioneDelSoftware/eclipseTDD/ArabicRomansNumbers/src/test/resources
2016-03-31 23:24:08,268 [Worker-11] WARN  o.e.m.c.i.embedder.EclipseLogger - Using platform encoding (UTF-8 actually) to copy filtered resources, i.e. build is platform dependent!
2016-03-31 23:24:08,270 [Worker-11] INFO  o.e.m.c.i.embedder.EclipseLogger - skip non existing resourceDirectory /Users/lou/Desktop/universita/magistrale/progettazioneDelSoftware/eclipseTDD/ArabicRomansNumbers/src/main/resources
2016-03-31 23:24:08,272 [Worker-11] WARN  o.e.m.c.i.embedder.EclipseLogger - Using platform encoding (UTF-8 actually) to copy filtered resources, i.e. build is platform dependent!
2016-03-31 23:24:08,272 [Worker-11] INFO  o.e.m.c.i.embedder.EclipseLogger - skip non existing resourceDirectory /Users/lou/Desktop/universita/magistrale/progettazioneDelSoftware/eclipseTDD/ArabicRomansNumbers/src/test/resources
2016-03-31 23:24:46,775 [Worker-1] WARN  o.e.m.c.i.embedder.EclipseLogger - Using platform encoding (UTF-8 actually) to copy filtered resources, i.e. build is platform dependent!
2016-03-31 23:24:46,776 [Worker-1] INFO  o.e.m.c.i.embedder.EclipseLogger - skip non existing resourceDirectory /Users/lou/Desktop/universita/magistrale/progettazioneDelSoftware/eclipseTDD/ArabicRomansNumbers/src/main/resources
2016-03-31 23:24:46,778 [Worker-1] WARN  o.e.m.c.i.embedder.EclipseLogger - Using platform encoding (UTF-8 actually) to copy filtered resources, i.e. build is platform dependent!
2016-03-31 23:24:46,778 [Worker-1] INFO  o.e.m.c.i.embedder.EclipseLogger - skip non existing resourceDirectory /Users/lou/Desktop/universita/magistrale/progettazioneDelSoftware/eclipseTDD/ArabicRomansNumbers/src/test/resources
2016-03-31 23:25:30,318 [Worker-1] WARN  o.e.m.c.i.embedder.EclipseLogger - Using platform encoding (UTF-8 actually) to copy filtered resources, i.e. build is platform dependent!
2016-03-31 23:25:30,322 [Worker-1] INFO  o.e.m.c.i.embedder.EclipseLogger - skip non existing resourceDirectory /Users/lou/Desktop/universita/magistrale/progettazioneDelSoftware/eclipseTDD/ArabicRomansNumbers/src/main/resources
2016-03-31 23:25:30,323 [Worker-1] WARN  o.e.m.c.i.embedder.EclipseLogger - Using platform encoding (UTF-8 actually) to copy filtered resources, i.e. build is platform dependent!
2016-03-31 23:25:30,324 [Worker-1] INFO  o.e.m.c.i.embedder.EclipseLogger - skip non existing resourceDirectory /Users/lou/Desktop/universita/magistrale/progettazioneDelSoftware/eclipseTDD/ArabicRomansNumbers/src/test/resources
2016-03-31 23:27:20,933 [Worker-12] WARN  o.e.m.c.i.embedder.EclipseLogger - Using platform encoding (UTF-8 actually) to copy filtered resources, i.e. build is platform dependent!
2016-03-31 23:27:20,934 [Worker-12] INFO  o.e.m.c.i.embedder.EclipseLogger - skip non existing resourceDirectory /Users/lou/Desktop/universita/magistrale/progettazioneDelSoftware/eclipseTDD/ArabicRomansNumbers/src/main/resources
2016-03-31 23:27:20,938 [Worker-12] WARN  o.e.m.c.i.embedder.EclipseLogger - Using platform encoding (UTF-8 actually) to copy filtered resources, i.e. build is platform dependent!
2016-03-31 23:27:20,939 [Worker-12] INFO  o.e.m.c.i.embedder.EclipseLogger - skip non existing resourceDirectory /Users/lou/Desktop/universita/magistrale/progettazioneDelSoftware/eclipseTDD/ArabicRomansNumbers/src/test/resources
2016-03-31 23:28:04,419 [Worker-11] WARN  o.e.m.c.i.embedder.EclipseLogger - Using platform encoding (UTF-8 actually) to copy filtered resources, i.e. build is platform dependent!
2016-03-31 23:28:04,424 [Worker-11] INFO  o.e.m.c.i.embedder.EclipseLogger - skip non existing resourceDirectory /Users/lou/Desktop/universita/magistrale/progettazioneDelSoftware/eclipseTDD/ArabicRomansNumbers/src/main/resources
2016-03-31 23:28:04,426 [Worker-11] WARN  o.e.m.c.i.embedder.EclipseLogger - Using platform encoding (UTF-8 actually) to copy filtered resources, i.e. build is platform dependent!
2016-03-31 23:28:04,426 [Worker-11] INFO  o.e.m.c.i.embedder.EclipseLogger - skip non existing resourceDirectory /Users/lou/Desktop/universita/magistrale/progettazioneDelSoftware/eclipseTDD/ArabicRomansNumbers/src/test/resources
2016-03-31 23:28:44,830 [Worker-5] WARN  o.e.m.c.i.embedder.EclipseLogger - Using platform encoding (UTF-8 actually) to copy filtered resources, i.e. build is platform dependent!
2016-03-31 23:28:44,830 [Worker-5] INFO  o.e.m.c.i.embedder.EclipseLogger - skip non existing resourceDirectory /Users/lou/Desktop/universita/magistrale/progettazioneDelSoftware/eclipseTDD/ArabicRomansNumbers/src/main/resources
2016-03-31 23:28:44,832 [Worker-5] WARN  o.e.m.c.i.embedder.EclipseLogger - Using platform encoding (UTF-8 actually) to copy filtered resources, i.e. build is platform dependent!
2016-03-31 23:28:44,832 [Worker-5] INFO  o.e.m.c.i.embedder.EclipseLogger - skip non existing resourceDirectory /Users/lou/Desktop/universita/magistrale/progettazioneDelSoftware/eclipseTDD/ArabicRomansNumbers/src/test/resources
2016-03-31 23:28:55,367 [Worker-14] WARN  o.e.m.c.i.embedder.EclipseLogger - Using platform encoding (UTF-8 actually) to copy filtered resources, i.e. build is platform dependent!
2016-03-31 23:28:55,368 [Worker-14] INFO  o.e.m.c.i.embedder.EclipseLogger - skip non existing resourceDirectory /Users/lou/Desktop/universita/magistrale/progettazioneDelSoftware/eclipseTDD/ArabicRomansNumbers/src/main/resources
2016-03-31 23:28:55,370 [Worker-14] WARN  o.e.m.c.i.embedder.EclipseLogger - Using platform encoding (UTF-8 actually) to copy filtered resources, i.e. build is platform dependent!
2016-03-31 23:28:55,371 [Worker-14] INFO  o.e.m.c.i.embedder.EclipseLogger - skip non existing resourceDirectory /Users/lou/Desktop/universita/magistrale/progettazioneDelSoftware/eclipseTDD/ArabicRomansNumbers/src/test/resources
2016-03-31 23:29:00,469 [Worker-11] WARN  o.e.m.c.i.embedder.EclipseLogger - Using platform encoding (UTF-8 actually) to copy filtered resources, i.e. build is platform dependent!
2016-03-31 23:29:00,470 [Worker-11] INFO  o.e.m.c.i.embedder.EclipseLogger - skip non existing resourceDirectory /Users/lou/Desktop/universita/magistrale/progettazioneDelSoftware/eclipseTDD/ArabicRomansNumbers/src/main/resources
2016-03-31 23:29:00,471 [Worker-11] WARN  o.e.m.c.i.embedder.EclipseLogger - Using platform encoding (UTF-8 actually) to copy filtered resources, i.e. build is platform dependent!
2016-03-31 23:29:00,472 [Worker-11] INFO  o.e.m.c.i.embedder.EclipseLogger - skip non existing resourceDirectory /Users/lou/Desktop/universita/magistrale/progettazioneDelSoftware/eclipseTDD/ArabicRomansNumbers/src/test/resources
2016-03-31 23:29:22,846 [Worker-5] WARN  o.e.m.c.i.embedder.EclipseLogger - Using platform encoding (UTF-8 actually) to copy filtered resources, i.e. build is platform dependent!
2016-03-31 23:29:22,847 [Worker-5] INFO  o.e.m.c.i.embedder.EclipseLogger - skip non existing resourceDirectory /Users/lou/Desktop/universita/magistrale/progettazioneDelSoftware/eclipseTDD/ArabicRomansNumbers/src/main/resources
2016-03-31 23:29:22,848 [Worker-5] WARN  o.e.m.c.i.embedder.EclipseLogger - Using platform encoding (UTF-8 actually) to copy filtered resources, i.e. build is platform dependent!
2016-03-31 23:29:22,849 [Worker-5] INFO  o.e.m.c.i.embedder.EclipseLogger - skip non existing resourceDirectory /Users/lou/Desktop/universita/magistrale/progettazioneDelSoftware/eclipseTDD/ArabicRomansNumbers/src/test/resources
2016-03-31 23:34:50,306 [Worker-1] WARN  o.e.m.c.i.embedder.EclipseLogger - Using platform encoding (UTF-8 actually) to copy filtered resources, i.e. build is platform dependent!
2016-03-31 23:34:50,308 [Worker-1] INFO  o.e.m.c.i.embedder.EclipseLogger - skip non existing resourceDirectory /Users/lou/Desktop/universita/magistrale/progettazioneDelSoftware/eclipseTDD/ArabicRomansNumbers/src/main/resources
2016-03-31 23:34:50,309 [Worker-1] WARN  o.e.m.c.i.embedder.EclipseLogger - Using platform encoding (UTF-8 actually) to copy filtered resources, i.e. build is platform dependent!
2016-03-31 23:34:50,310 [Worker-1] INFO  o.e.m.c.i.embedder.EclipseLogger - skip non existing resourceDirectory /Users/lou/Desktop/universita/magistrale/progettazioneDelSoftware/eclipseTDD/ArabicRomansNumbers/src/test/resources
2016-03-31 23:40:11,657 [Worker-14] WARN  o.e.m.c.i.embedder.EclipseLogger - Using platform encoding (UTF-8 actually) to copy filtered resources, i.e. build is platform dependent!
2016-03-31 23:40:11,659 [Worker-14] INFO  o.e.m.c.i.embedder.EclipseLogger - skip non existing resourceDirectory /Users/lou/Desktop/universita/magistrale/progettazioneDelSoftware/eclipseTDD/ArabicRomansNumbers/src/main/resources
2016-03-31 23:40:11,660 [Worker-14] WARN  o.e.m.c.i.embedder.EclipseLogger - Using platform encoding (UTF-8 actually) to copy filtered resources, i.e. build is platform dependent!
2016-03-31 23:40:11,661 [Worker-14] INFO  o.e.m.c.i.embedder.EclipseLogger - skip non existing resourceDirectory /Users/lou/Desktop/universita/magistrale/progettazioneDelSoftware/eclipseTDD/ArabicRomansNumbers/src/test/resources
2016-03-31 23:42:07,188 [Worker-19] WARN  o.e.m.c.i.embedder.EclipseLogger - Using platform encoding (UTF-8 actually) to copy filtered resources, i.e. build is platform dependent!
2016-03-31 23:42:07,189 [Worker-19] INFO  o.e.m.c.i.embedder.EclipseLogger - skip non existing resourceDirectory /Users/lou/Desktop/universita/magistrale/progettazioneDelSoftware/eclipseTDD/ArabicRomansNumbers/src/main/resources
2016-03-31 23:42:07,193 [Worker-19] WARN  o.e.m.c.i.embedder.EclipseLogger - Using platform encoding (UTF-8 actually) to copy filtered resources, i.e. build is platform dependent!
2016-03-31 23:42:07,193 [Worker-19] INFO  o.e.m.c.i.embedder.EclipseLogger - skip non existing resourceDirectory /Users/lou/Desktop/universita/magistrale/progettazioneDelSoftware/eclipseTDD/ArabicRomansNumbers/src/test/resources
2016-03-31 23:42:12,950 [Worker-21] WARN  o.e.m.c.i.embedder.EclipseLogger - Using platform encoding (UTF-8 actually) to copy filtered resources, i.e. build is platform dependent!
2016-03-31 23:42:12,951 [Worker-21] INFO  o.e.m.c.i.embedder.EclipseLogger - skip non existing resourceDirectory /Users/lou/Desktop/universita/magistrale/progettazioneDelSoftware/eclipseTDD/ArabicRomansNumbers/src/main/resources
2016-03-31 23:42:12,952 [Worker-21] WARN  o.e.m.c.i.embedder.EclipseLogger - Using platform encoding (UTF-8 actually) to copy filtered resources, i.e. build is platform dependent!
2016-03-31 23:42:12,953 [Worker-21] INFO  o.e.m.c.i.embedder.EclipseLogger - skip non existing resourceDirectory /Users/lou/Desktop/universita/magistrale/progettazioneDelSoftware/eclipseTDD/ArabicRomansNumbers/src/test/resources
2016-03-31 23:42:17,218 [Worker-19] WARN  o.e.m.c.i.embedder.EclipseLogger - Using platform encoding (UTF-8 actually) to copy filtered resources, i.e. build is platform dependent!
2016-03-31 23:42:17,219 [Worker-19] INFO  o.e.m.c.i.embedder.EclipseLogger - skip non existing resourceDirectory /Users/lou/Desktop/universita/magistrale/progettazioneDelSoftware/eclipseTDD/ArabicRomansNumbers/src/main/resources
2016-03-31 23:42:17,222 [Worker-19] WARN  o.e.m.c.i.embedder.EclipseLogger - Using platform encoding (UTF-8 actually) to copy filtered resources, i.e. build is platform dependent!
2016-03-31 23:42:17,222 [Worker-19] INFO  o.e.m.c.i.embedder.EclipseLogger - skip non existing resourceDirectory /Users/lou/Desktop/universita/magistrale/progettazioneDelSoftware/eclipseTDD/ArabicRomansNumbers/src/test/resources
2016-03-31 23:42:25,178 [Worker-12] WARN  o.e.m.c.i.embedder.EclipseLogger - Using platform encoding (UTF-8 actually) to copy filtered resources, i.e. build is platform dependent!
2016-03-31 23:42:25,179 [Worker-12] INFO  o.e.m.c.i.embedder.EclipseLogger - skip non existing resourceDirectory /Users/lou/Desktop/universita/magistrale/progettazioneDelSoftware/eclipseTDD/ArabicRomansNumbers/src/main/resources
2016-03-31 23:42:25,180 [Worker-12] WARN  o.e.m.c.i.embedder.EclipseLogger - Using platform encoding (UTF-8 actually) to copy filtered resources, i.e. build is platform dependent!
2016-03-31 23:42:25,181 [Worker-12] INFO  o.e.m.c.i.embedder.EclipseLogger - skip non existing resourceDirectory /Users/lou/Desktop/universita/magistrale/progettazioneDelSoftware/eclipseTDD/ArabicRomansNumbers/src/test/resources
2016-03-31 23:43:17,280 [Worker-18] WARN  o.e.m.c.i.embedder.EclipseLogger - Using platform encoding (UTF-8 actually) to copy filtered resources, i.e. build is platform dependent!
2016-03-31 23:43:17,281 [Worker-18] INFO  o.e.m.c.i.embedder.EclipseLogger - skip non existing resourceDirectory /Users/lou/Desktop/universita/magistrale/progettazioneDelSoftware/eclipseTDD/ArabicRomansNumbers/src/main/resources
2016-03-31 23:43:17,283 [Worker-18] WARN  o.e.m.c.i.embedder.EclipseLogger - Using platform encoding (UTF-8 actually) to copy filtered resources, i.e. build is platform dependent!
2016-03-31 23:43:17,283 [Worker-18] INFO  o.e.m.c.i.embedder.EclipseLogger - skip non existing resourceDirectory /Users/lou/Desktop/universita/magistrale/progettazioneDelSoftware/eclipseTDD/ArabicRomansNumbers/src/test/resources
2016-03-31 23:43:42,604 [Worker-21] WARN  o.e.m.c.i.embedder.EclipseLogger - Using platform encoding (UTF-8 actually) to copy filtered resources, i.e. build is platform dependent!
2016-03-31 23:43:42,605 [Worker-21] INFO  o.e.m.c.i.embedder.EclipseLogger - skip non existing resourceDirectory /Users/lou/Desktop/universita/magistrale/progettazioneDelSoftware/eclipseTDD/ArabicRomansNumbers/src/main/resources
2016-03-31 23:43:42,606 [Worker-21] WARN  o.e.m.c.i.embedder.EclipseLogger - Using platform encoding (UTF-8 actually) to copy filtered resources, i.e. build is platform dependent!
2016-03-31 23:43:42,606 [Worker-21] INFO  o.e.m.c.i.embedder.EclipseLogger - skip non existing resourceDirectory /Users/lou/Desktop/universita/magistrale/progettazioneDelSoftware/eclipseTDD/ArabicRomansNumbers/src/test/resources
2016-03-31 23:44:02,599 [Worker-12] WARN  o.e.m.c.i.embedder.EclipseLogger - Using platform encoding (UTF-8 actually) to copy filtered resources, i.e. build is platform dependent!
2016-03-31 23:44:02,599 [Worker-12] INFO  o.e.m.c.i.embedder.EclipseLogger - skip non existing resourceDirectory /Users/lou/Desktop/universita/magistrale/progettazioneDelSoftware/eclipseTDD/ArabicRomansNumbers/src/main/resources
2016-03-31 23:44:02,600 [Worker-12] WARN  o.e.m.c.i.embedder.EclipseLogger - Using platform encoding (UTF-8 actually) to copy filtered resources, i.e. build is platform dependent!
2016-03-31 23:44:02,601 [Worker-12] INFO  o.e.m.c.i.embedder.EclipseLogger - skip non existing resourceDirectory /Users/lou/Desktop/universita/magistrale/progettazioneDelSoftware/eclipseTDD/ArabicRomansNumbers/src/test/resources
2016-03-31 23:45:25,024 [Worker-22] WARN  o.e.m.c.i.embedder.EclipseLogger - Using platform encoding (UTF-8 actually) to copy filtered resources, i.e. build is platform dependent!
2016-03-31 23:45:25,025 [Worker-22] INFO  o.e.m.c.i.embedder.EclipseLogger - skip non existing resourceDirectory /Users/lou/Desktop/universita/magistrale/progettazioneDelSoftware/eclipseTDD/ArabicRomansNumbers/src/main/resources
2016-03-31 23:45:25,026 [Worker-22] WARN  o.e.m.c.i.embedder.EclipseLogger - Using platform encoding (UTF-8 actually) to copy filtered resources, i.e. build is platform dependent!
2016-03-31 23:45:25,027 [Worker-22] INFO  o.e.m.c.i.embedder.EclipseLogger - skip non existing resourceDirectory /Users/lou/Desktop/universita/magistrale/progettazioneDelSoftware/eclipseTDD/ArabicRomansNumbers/src/test/resources
2016-03-31 23:45:35,806 [Worker-12] WARN  o.e.m.c.i.embedder.EclipseLogger - Using platform encoding (UTF-8 actually) to copy filtered resources, i.e. build is platform dependent!
2016-03-31 23:45:35,807 [Worker-12] INFO  o.e.m.c.i.embedder.EclipseLogger - skip non existing resourceDirectory /Users/lou/Desktop/universita/magistrale/progettazioneDelSoftware/eclipseTDD/ArabicRomansNumbers/src/main/resources
2016-03-31 23:45:35,808 [Worker-12] WARN  o.e.m.c.i.embedder.EclipseLogger - Using platform encoding (UTF-8 actually) to copy filtered resources, i.e. build is platform dependent!
2016-03-31 23:45:35,809 [Worker-12] INFO  o.e.m.c.i.embedder.EclipseLogger - skip non existing resourceDirectory /Users/lou/Desktop/universita/magistrale/progettazioneDelSoftware/eclipseTDD/ArabicRomansNumbers/src/test/resources
2016-03-31 23:46:48,332 [Worker-20] WARN  o.e.m.c.i.embedder.EclipseLogger - Using platform encoding (UTF-8 actually) to copy filtered resources, i.e. build is platform dependent!
2016-03-31 23:46:48,333 [Worker-20] INFO  o.e.m.c.i.embedder.EclipseLogger - skip non existing resourceDirectory /Users/lou/Desktop/universita/magistrale/progettazioneDelSoftware/eclipseTDD/ArabicRomansNumbers/src/main/resources
2016-03-31 23:46:48,334 [Worker-20] WARN  o.e.m.c.i.embedder.EclipseLogger - Using platform encoding (UTF-8 actually) to copy filtered resources, i.e. build is platform dependent!
2016-03-31 23:46:48,334 [Worker-20] INFO  o.e.m.c.i.embedder.EclipseLogger - skip non existing resourceDirectory /Users/lou/Desktop/universita/magistrale/progettazioneDelSoftware/eclipseTDD/ArabicRomansNumbers/src/test/resources
2016-03-31 23:47:15,374 [Worker-20] WARN  o.e.m.c.i.embedder.EclipseLogger - Using platform encoding (UTF-8 actually) to copy filtered resources, i.e. build is platform dependent!
2016-03-31 23:47:15,375 [Worker-20] INFO  o.e.m.c.i.embedder.EclipseLogger - skip non existing resourceDirectory /Users/lou/Desktop/universita/magistrale/progettazioneDelSoftware/eclipseTDD/ArabicRomansNumbers/src/main/resources
2016-03-31 23:47:15,376 [Worker-20] WARN  o.e.m.c.i.embedder.EclipseLogger - Using platform encoding (UTF-8 actually) to copy filtered resources, i.e. build is platform dependent!
2016-03-31 23:47:15,376 [Worker-20] INFO  o.e.m.c.i.embedder.EclipseLogger - skip non existing resourceDirectory /Users/lou/Desktop/universita/magistrale/progettazioneDelSoftware/eclipseTDD/ArabicRomansNumbers/src/test/resources
2016-03-31 23:48:35,606 [Worker-24] WARN  o.e.m.c.i.embedder.EclipseLogger - Using platform encoding (UTF-8 actually) to copy filtered resources, i.e. build is platform dependent!
2016-03-31 23:48:35,607 [Worker-24] INFO  o.e.m.c.i.embedder.EclipseLogger - skip non existing resourceDirectory /Users/lou/Desktop/universita/magistrale/progettazioneDelSoftware/eclipseTDD/ArabicRomansNumbers/src/main/resources
2016-03-31 23:48:35,608 [Worker-24] WARN  o.e.m.c.i.embedder.EclipseLogger - Using platform encoding (UTF-8 actually) to copy filtered resources, i.e. build is platform dependent!
2016-03-31 23:48:35,608 [Worker-24] INFO  o.e.m.c.i.embedder.EclipseLogger - skip non existing resourceDirectory /Users/lou/Desktop/universita/magistrale/progettazioneDelSoftware/eclipseTDD/ArabicRomansNumbers/src/test/resources
2016-03-31 23:48:54,892 [Worker-14] WARN  o.e.m.c.i.embedder.EclipseLogger - Using platform encoding (UTF-8 actually) to copy filtered resources, i.e. build is platform dependent!
2016-03-31 23:48:54,893 [Worker-14] INFO  o.e.m.c.i.embedder.EclipseLogger - skip non existing resourceDirectory /Users/lou/Desktop/universita/magistrale/progettazioneDelSoftware/eclipseTDD/ArabicRomansNumbers/src/main/resources
2016-03-31 23:48:54,894 [Worker-14] WARN  o.e.m.c.i.embedder.EclipseLogger - Using platform encoding (UTF-8 actually) to copy filtered resources, i.e. build is platform dependent!
2016-03-31 23:48:54,894 [Worker-14] INFO  o.e.m.c.i.embedder.EclipseLogger - skip non existing resourceDirectory /Users/lou/Desktop/universita/magistrale/progettazioneDelSoftware/eclipseTDD/ArabicRomansNumbers/src/test/resources
2016-03-31 23:49:20,881 [Worker-20] WARN  o.e.m.c.i.embedder.EclipseLogger - Using platform encoding (UTF-8 actually) to copy filtered resources, i.e. build is platform dependent!
2016-03-31 23:49:20,882 [Worker-20] INFO  o.e.m.c.i.embedder.EclipseLogger - skip non existing resourceDirectory /Users/lou/Desktop/universita/magistrale/progettazioneDelSoftware/eclipseTDD/ArabicRomansNumbers/src/main/resources
2016-03-31 23:49:20,883 [Worker-20] WARN  o.e.m.c.i.embedder.EclipseLogger - Using platform encoding (UTF-8 actually) to copy filtered resources, i.e. build is platform dependent!
2016-03-31 23:49:20,883 [Worker-20] INFO  o.e.m.c.i.embedder.EclipseLogger - skip non existing resourceDirectory /Users/lou/Desktop/universita/magistrale/progettazioneDelSoftware/eclipseTDD/ArabicRomansNumbers/src/test/resources
2016-03-31 23:49:52,208 [Worker-18] WARN  o.e.m.c.i.embedder.EclipseLogger - Using platform encoding (UTF-8 actually) to copy filtered resources, i.e. build is platform dependent!
2016-03-31 23:49:52,209 [Worker-18] INFO  o.e.m.c.i.embedder.EclipseLogger - skip non existing resourceDirectory /Users/lou/Desktop/universita/magistrale/progettazioneDelSoftware/eclipseTDD/ArabicRomansNumbers/src/main/resources
2016-03-31 23:49:52,210 [Worker-18] WARN  o.e.m.c.i.embedder.EclipseLogger - Using platform encoding (UTF-8 actually) to copy filtered resources, i.e. build is platform dependent!
2016-03-31 23:49:52,211 [Worker-18] INFO  o.e.m.c.i.embedder.EclipseLogger - skip non existing resourceDirectory /Users/lou/Desktop/universita/magistrale/progettazioneDelSoftware/eclipseTDD/ArabicRomansNumbers/src/test/resources
2016-03-31 23:49:56,660 [Worker-14] WARN  o.e.m.c.i.embedder.EclipseLogger - Using platform encoding (UTF-8 actually) to copy filtered resources, i.e. build is platform dependent!
2016-03-31 23:49:56,660 [Worker-14] INFO  o.e.m.c.i.embedder.EclipseLogger - skip non existing resourceDirectory /Users/lou/Desktop/universita/magistrale/progettazioneDelSoftware/eclipseTDD/ArabicRomansNumbers/src/main/resources
2016-03-31 23:49:56,661 [Worker-14] WARN  o.e.m.c.i.embedder.EclipseLogger - Using platform encoding (UTF-8 actually) to copy filtered resources, i.e. build is platform dependent!
2016-03-31 23:49:56,662 [Worker-14] INFO  o.e.m.c.i.embedder.EclipseLogger - skip non existing resourceDirectory /Users/lou/Desktop/universita/magistrale/progettazioneDelSoftware/eclipseTDD/ArabicRomansNumbers/src/test/resources
2016-03-31 23:49:59,157 [Worker-12] WARN  o.e.m.c.i.embedder.EclipseLogger - Using platform encoding (UTF-8 actually) to copy filtered resources, i.e. build is platform dependent!
2016-03-31 23:49:59,157 [Worker-12] INFO  o.e.m.c.i.embedder.EclipseLogger - skip non existing resourceDirectory /Users/lou/Desktop/universita/magistrale/progettazioneDelSoftware/eclipseTDD/ArabicRomansNumbers/src/main/resources
2016-03-31 23:49:59,158 [Worker-12] WARN  o.e.m.c.i.embedder.EclipseLogger - Using platform encoding (UTF-8 actually) to copy filtered resources, i.e. build is platform dependent!
2016-03-31 23:49:59,159 [Worker-12] INFO  o.e.m.c.i.embedder.EclipseLogger - skip non existing resourceDirectory /Users/lou/Desktop/universita/magistrale/progettazioneDelSoftware/eclipseTDD/ArabicRomansNumbers/src/test/resources
2016-03-31 23:50:49,805 [Worker-18] WARN  o.e.m.c.i.embedder.EclipseLogger - Using platform encoding (UTF-8 actually) to copy filtered resources, i.e. build is platform dependent!
2016-03-31 23:50:49,806 [Worker-18] INFO  o.e.m.c.i.embedder.EclipseLogger - skip non existing resourceDirectory /Users/lou/Desktop/universita/magistrale/progettazioneDelSoftware/eclipseTDD/ArabicRomansNumbers/src/main/resources
2016-03-31 23:50:49,807 [Worker-18] WARN  o.e.m.c.i.embedder.EclipseLogger - Using platform encoding (UTF-8 actually) to copy filtered resources, i.e. build is platform dependent!
2016-03-31 23:50:49,808 [Worker-18] INFO  o.e.m.c.i.embedder.EclipseLogger - skip non existing resourceDirectory /Users/lou/Desktop/universita/magistrale/progettazioneDelSoftware/eclipseTDD/ArabicRomansNumbers/src/test/resources
2016-03-31 23:52:14,329 [Worker-24] WARN  o.e.m.c.i.embedder.EclipseLogger - Using platform encoding (UTF-8 actually) to copy filtered resources, i.e. build is platform dependent!
2016-03-31 23:52:14,330 [Worker-24] INFO  o.e.m.c.i.embedder.EclipseLogger - skip non existing resourceDirectory /Users/lou/Desktop/universita/magistrale/progettazioneDelSoftware/eclipseTDD/ArabicRomansNumbers/src/main/resources
2016-03-31 23:52:14,332 [Worker-24] WARN  o.e.m.c.i.embedder.EclipseLogger - Using platform encoding (UTF-8 actually) to copy filtered resources, i.e. build is platform dependent!
2016-03-31 23:52:14,333 [Worker-24] INFO  o.e.m.c.i.embedder.EclipseLogger - skip non existing resourceDirectory /Users/lou/Desktop/universita/magistrale/progettazioneDelSoftware/eclipseTDD/ArabicRomansNumbers/src/test/resources
2016-03-31 23:52:22,118 [Worker-23] WARN  o.e.m.c.i.embedder.EclipseLogger - Using platform encoding (UTF-8 actually) to copy filtered resources, i.e. build is platform dependent!
2016-03-31 23:52:22,120 [Worker-23] INFO  o.e.m.c.i.embedder.EclipseLogger - skip non existing resourceDirectory /Users/lou/Desktop/universita/magistrale/progettazioneDelSoftware/eclipseTDD/ArabicRomansNumbers/src/main/resources
2016-03-31 23:52:22,121 [Worker-23] WARN  o.e.m.c.i.embedder.EclipseLogger - Using platform encoding (UTF-8 actually) to copy filtered resources, i.e. build is platform dependent!
2016-03-31 23:52:22,122 [Worker-23] INFO  o.e.m.c.i.embedder.EclipseLogger - skip non existing resourceDirectory /Users/lou/Desktop/universita/magistrale/progettazioneDelSoftware/eclipseTDD/ArabicRomansNumbers/src/test/resources
2016-03-31 23:52:54,523 [Worker-24] WARN  o.e.m.c.i.embedder.EclipseLogger - Using platform encoding (UTF-8 actually) to copy filtered resources, i.e. build is platform dependent!
2016-03-31 23:52:54,524 [Worker-24] INFO  o.e.m.c.i.embedder.EclipseLogger - skip non existing resourceDirectory /Users/lou/Desktop/universita/magistrale/progettazioneDelSoftware/eclipseTDD/ArabicRomansNumbers/src/main/resources
2016-03-31 23:52:54,524 [Worker-24] WARN  o.e.m.c.i.embedder.EclipseLogger - Using platform encoding (UTF-8 actually) to copy filtered resources, i.e. build is platform dependent!
2016-03-31 23:52:54,525 [Worker-24] INFO  o.e.m.c.i.embedder.EclipseLogger - skip non existing resourceDirectory /Users/lou/Desktop/universita/magistrale/progettazioneDelSoftware/eclipseTDD/ArabicRomansNumbers/src/test/resources
2016-03-31 23:54:06,657 [Worker-18] WARN  o.e.m.c.i.embedder.EclipseLogger - Using platform encoding (UTF-8 actually) to copy filtered resources, i.e. build is platform dependent!
2016-03-31 23:54:06,657 [Worker-18] INFO  o.e.m.c.i.embedder.EclipseLogger - skip non existing resourceDirectory /Users/lou/Desktop/universita/magistrale/progettazioneDelSoftware/eclipseTDD/ArabicRomansNumbers/src/main/resources
2016-03-31 23:54:06,658 [Worker-18] WARN  o.e.m.c.i.embedder.EclipseLogger - Using platform encoding (UTF-8 actually) to copy filtered resources, i.e. build is platform dependent!
2016-03-31 23:54:06,658 [Worker-18] INFO  o.e.m.c.i.embedder.EclipseLogger - skip non existing resourceDirectory /Users/lou/Desktop/universita/magistrale/progettazioneDelSoftware/eclipseTDD/ArabicRomansNumbers/src/test/resources
2016-03-31 23:54:10,609 [Worker-14] WARN  o.e.m.c.i.embedder.EclipseLogger - Using platform encoding (UTF-8 actually) to copy filtered resources, i.e. build is platform dependent!
2016-03-31 23:54:10,610 [Worker-14] INFO  o.e.m.c.i.embedder.EclipseLogger - skip non existing resourceDirectory /Users/lou/Desktop/universita/magistrale/progettazioneDelSoftware/eclipseTDD/ArabicRomansNumbers/src/main/resources
2016-03-31 23:54:10,611 [Worker-14] WARN  o.e.m.c.i.embedder.EclipseLogger - Using platform encoding (UTF-8 actually) to copy filtered resources, i.e. build is platform dependent!
2016-03-31 23:54:10,611 [Worker-14] INFO  o.e.m.c.i.embedder.EclipseLogger - skip non existing resourceDirectory /Users/lou/Desktop/universita/magistrale/progettazioneDelSoftware/eclipseTDD/ArabicRomansNumbers/src/test/resources
2016-03-31 23:54:42,435 [Worker-22] WARN  o.e.m.c.i.embedder.EclipseLogger - Using platform encoding (UTF-8 actually) to copy filtered resources, i.e. build is platform dependent!
2016-03-31 23:54:42,436 [Worker-22] INFO  o.e.m.c.i.embedder.EclipseLogger - skip non existing resourceDirectory /Users/lou/Desktop/universita/magistrale/progettazioneDelSoftware/eclipseTDD/ArabicRomansNumbers/src/main/resources
2016-03-31 23:54:42,437 [Worker-22] WARN  o.e.m.c.i.embedder.EclipseLogger - Using platform encoding (UTF-8 actually) to copy filtered resources, i.e. build is platform dependent!
2016-03-31 23:54:42,438 [Worker-22] INFO  o.e.m.c.i.embedder.EclipseLogger - skip non existing resourceDirectory /Users/lou/Desktop/universita/magistrale/progettazioneDelSoftware/eclipseTDD/ArabicRomansNumbers/src/test/resources
2016-03-31 23:54:58,170 [Worker-22] WARN  o.e.m.c.i.embedder.EclipseLogger - Using platform encoding (UTF-8 actually) to copy filtered resources, i.e. build is platform dependent!
2016-03-31 23:54:58,171 [Worker-22] INFO  o.e.m.c.i.embedder.EclipseLogger - skip non existing resourceDirectory /Users/lou/Desktop/universita/magistrale/progettazioneDelSoftware/eclipseTDD/ArabicRomansNumbers/src/main/resources
2016-03-31 23:54:58,172 [Worker-22] WARN  o.e.m.c.i.embedder.EclipseLogger - Using platform encoding (UTF-8 actually) to copy filtered resources, i.e. build is platform dependent!
2016-03-31 23:54:58,173 [Worker-22] INFO  o.e.m.c.i.embedder.EclipseLogger - skip non existing resourceDirectory /Users/lou/Desktop/universita/magistrale/progettazioneDelSoftware/eclipseTDD/ArabicRomansNumbers/src/test/resources
2016-03-31 23:56:36,373 [Worker-14] WARN  o.e.m.c.i.embedder.EclipseLogger - Using platform encoding (UTF-8 actually) to copy filtered resources, i.e. build is platform dependent!
2016-03-31 23:56:36,374 [Worker-14] INFO  o.e.m.c.i.embedder.EclipseLogger - skip non existing resourceDirectory /Users/lou/Desktop/universita/magistrale/progettazioneDelSoftware/eclipseTDD/ArabicRomansNumbers/src/main/resources
2016-03-31 23:56:36,375 [Worker-14] WARN  o.e.m.c.i.embedder.EclipseLogger - Using platform encoding (UTF-8 actually) to copy filtered resources, i.e. build is platform dependent!
2016-03-31 23:56:36,375 [Worker-14] INFO  o.e.m.c.i.embedder.EclipseLogger - skip non existing resourceDirectory /Users/lou/Desktop/universita/magistrale/progettazioneDelSoftware/eclipseTDD/ArabicRomansNumbers/src/test/resources
2016-03-31 23:56:46,959 [Worker-14] WARN  o.e.m.c.i.embedder.EclipseLogger - Using platform encoding (UTF-8 actually) to copy filtered resources, i.e. build is platform dependent!
2016-03-31 23:56:46,959 [Worker-14] INFO  o.e.m.c.i.embedder.EclipseLogger - skip non existing resourceDirectory /Users/lou/Desktop/universita/magistrale/progettazioneDelSoftware/eclipseTDD/ArabicRomansNumbers/src/main/resources
2016-03-31 23:56:46,960 [Worker-14] WARN  o.e.m.c.i.embedder.EclipseLogger - Using platform encoding (UTF-8 actually) to copy filtered resources, i.e. build is platform dependent!
2016-03-31 23:56:46,961 [Worker-14] INFO  o.e.m.c.i.embedder.EclipseLogger - skip non existing resourceDirectory /Users/lou/Desktop/universita/magistrale/progettazioneDelSoftware/eclipseTDD/ArabicRomansNumbers/src/test/resources
2016-03-31 23:57:00,916 [Worker-20] WARN  o.e.m.c.i.embedder.EclipseLogger - Using platform encoding (UTF-8 actually) to copy filtered resources, i.e. build is platform dependent!
2016-03-31 23:57:00,917 [Worker-20] INFO  o.e.m.c.i.embedder.EclipseLogger - skip non existing resourceDirectory /Users/lou/Desktop/universita/magistrale/progettazioneDelSoftware/eclipseTDD/ArabicRomansNumbers/src/main/resources
2016-03-31 23:57:00,919 [Worker-20] WARN  o.e.m.c.i.embedder.EclipseLogger - Using platform encoding (UTF-8 actually) to copy filtered resources, i.e. build is platform dependent!
2016-03-31 23:57:00,919 [Worker-20] INFO  o.e.m.c.i.embedder.EclipseLogger - skip non existing resourceDirectory /Users/lou/Desktop/universita/magistrale/progettazioneDelSoftware/eclipseTDD/ArabicRomansNumbers/src/test/resources
2016-03-31 23:58:29,502 [Worker-14] WARN  o.e.m.c.i.embedder.EclipseLogger - Using platform encoding (UTF-8 actually) to copy filtered resources, i.e. build is platform dependent!
2016-03-31 23:58:29,503 [Worker-14] INFO  o.e.m.c.i.embedder.EclipseLogger - skip non existing resourceDirectory /Users/lou/Desktop/universita/magistrale/progettazioneDelSoftware/eclipseTDD/ArabicRomansNumbers/src/main/resources
2016-03-31 23:58:29,503 [Worker-14] WARN  o.e.m.c.i.embedder.EclipseLogger - Using platform encoding (UTF-8 actually) to copy filtered resources, i.e. build is platform dependent!
2016-03-31 23:58:29,504 [Worker-14] INFO  o.e.m.c.i.embedder.EclipseLogger - skip non existing resourceDirectory /Users/lou/Desktop/universita/magistrale/progettazioneDelSoftware/eclipseTDD/ArabicRomansNumbers/src/test/resources
2016-04-01 00:00:06,536 [Worker-12] WARN  o.e.m.c.i.embedder.EclipseLogger - Using platform encoding (UTF-8 actually) to copy filtered resources, i.e. build is platform dependent!
2016-04-01 00:00:06,537 [Worker-12] INFO  o.e.m.c.i.embedder.EclipseLogger - skip non existing resourceDirectory /Users/lou/Desktop/universita/magistrale/progettazioneDelSoftware/eclipseTDD/ArabicRomansNumbers/src/main/resources
2016-04-01 00:00:06,539 [Worker-12] WARN  o.e.m.c.i.embedder.EclipseLogger - Using platform encoding (UTF-8 actually) to copy filtered resources, i.e. build is platform dependent!
2016-04-01 00:00:06,539 [Worker-12] INFO  o.e.m.c.i.embedder.EclipseLogger - skip non existing resourceDirectory /Users/lou/Desktop/universita/magistrale/progettazioneDelSoftware/eclipseTDD/ArabicRomansNumbers/src/test/resources
2016-04-01 00:00:49,331 [Worker-23] WARN  o.e.m.c.i.embedder.EclipseLogger - Using platform encoding (UTF-8 actually) to copy filtered resources, i.e. build is platform dependent!
2016-04-01 00:00:49,332 [Worker-23] INFO  o.e.m.c.i.embedder.EclipseLogger - skip non existing resourceDirectory /Users/lou/Desktop/universita/magistrale/progettazioneDelSoftware/eclipseTDD/ArabicRomansNumbers/src/main/resources
2016-04-01 00:00:49,333 [Worker-23] WARN  o.e.m.c.i.embedder.EclipseLogger - Using platform encoding (UTF-8 actually) to copy filtered resources, i.e. build is platform dependent!
2016-04-01 00:00:49,334 [Worker-23] INFO  o.e.m.c.i.embedder.EclipseLogger - skip non existing resourceDirectory /Users/lou/Desktop/universita/magistrale/progettazioneDelSoftware/eclipseTDD/ArabicRomansNumbers/src/test/resources
2016-04-01 00:01:50,819 [Worker-25] WARN  o.e.m.c.i.embedder.EclipseLogger - Using platform encoding (UTF-8 actually) to copy filtered resources, i.e. build is platform dependent!
2016-04-01 00:01:50,820 [Worker-25] INFO  o.e.m.c.i.embedder.EclipseLogger - skip non existing resourceDirectory /Users/lou/Desktop/universita/magistrale/progettazioneDelSoftware/eclipseTDD/ArabicRomansNumbers/src/main/resources
2016-04-01 00:01:50,821 [Worker-25] WARN  o.e.m.c.i.embedder.EclipseLogger - Using platform encoding (UTF-8 actually) to copy filtered resources, i.e. build is platform dependent!
2016-04-01 00:01:50,821 [Worker-25] INFO  o.e.m.c.i.embedder.EclipseLogger - skip non existing resourceDirectory /Users/lou/Desktop/universita/magistrale/progettazioneDelSoftware/eclipseTDD/ArabicRomansNumbers/src/test/resources
2016-04-01 00:02:28,820 [Worker-24] WARN  o.e.m.c.i.embedder.EclipseLogger - Using platform encoding (UTF-8 actually) to copy filtered resources, i.e. build is platform dependent!
2016-04-01 00:02:28,821 [Worker-24] INFO  o.e.m.c.i.embedder.EclipseLogger - skip non existing resourceDirectory /Users/lou/Desktop/universita/magistrale/progettazioneDelSoftware/eclipseTDD/ArabicRomansNumbers/src/main/resources
2016-04-01 00:02:28,823 [Worker-24] WARN  o.e.m.c.i.embedder.EclipseLogger - Using platform encoding (UTF-8 actually) to copy filtered resources, i.e. build is platform dependent!
2016-04-01 00:02:28,824 [Worker-24] INFO  o.e.m.c.i.embedder.EclipseLogger - skip non existing resourceDirectory /Users/lou/Desktop/universita/magistrale/progettazioneDelSoftware/eclipseTDD/ArabicRomansNumbers/src/test/resources
2016-04-01 00:02:49,055 [Worker-12] WARN  o.e.m.c.i.embedder.EclipseLogger - Using platform encoding (UTF-8 actually) to copy filtered resources, i.e. build is platform dependent!
2016-04-01 00:02:49,056 [Worker-12] INFO  o.e.m.c.i.embedder.EclipseLogger - skip non existing resourceDirectory /Users/lou/Desktop/universita/magistrale/progettazioneDelSoftware/eclipseTDD/ArabicRomansNumbers/src/main/resources
2016-04-01 00:02:49,057 [Worker-12] WARN  o.e.m.c.i.embedder.EclipseLogger - Using platform encoding (UTF-8 actually) to copy filtered resources, i.e. build is platform dependent!
2016-04-01 00:02:49,057 [Worker-12] INFO  o.e.m.c.i.embedder.EclipseLogger - skip non existing resourceDirectory /Users/lou/Desktop/universita/magistrale/progettazioneDelSoftware/eclipseTDD/ArabicRomansNumbers/src/test/resources
2016-04-01 11:32:32,788 [Worker-0] INFO  o.e.m.c.i.l.LifecycleMappingFactory - Using org.eclipse.m2e.jdt.JarLifecycleMapping lifecycle mapping for MavenProject: UdemyJUnit:com.udemy.junit:0.0.1-SNAPSHOT @ /Users/lou/Desktop/universita/magistrale/progettazioneDelSoftware/eclipseTDD/com.udemy.junit/pom.xml.
2016-04-01 11:32:33,276 [Worker-0] INFO  o.e.m.j.i.AbstractJavaProjectConfigurator - Adding source folder /com.udemy.junit/src/main/java
2016-04-01 11:32:33,280 [Worker-0] INFO  o.e.m.j.i.AbstractJavaProjectConfigurator - Adding resource folder /com.udemy.junit/src/main/resources
2016-04-01 11:32:33,280 [Worker-0] INFO  o.e.m.j.i.AbstractJavaProjectConfigurator - Adding source folder /com.udemy.junit/src/test/java
2016-04-01 11:32:33,281 [Worker-0] INFO  o.e.m.j.i.AbstractJavaProjectConfigurator - Adding resource folder /com.udemy.junit/src/test/resources
2016-04-01 11:32:33,559 [Worker-2] INFO  o.e.m.c.i.l.LifecycleMappingFactory - Using org.eclipse.m2e.jdt.JarLifecycleMapping lifecycle mapping for MavenProject: UdemyJUnit:com.udemy.junit:0.0.1-SNAPSHOT @ /Users/lou/Desktop/universita/magistrale/progettazioneDelSoftware/eclipseTDD/com.udemy.junit/pom.xml.
2016-04-01 11:32:34,094 [Worker-4] WARN  o.e.m.c.i.embedder.EclipseLogger - Using platform encoding (UTF-8 actually) to copy filtered resources, i.e. build is platform dependent!
2016-04-01 11:32:34,105 [Worker-4] INFO  o.e.m.c.i.embedder.EclipseLogger - Copying 0 resource
2016-04-01 11:32:34,109 [Worker-4] WARN  o.e.m.c.i.embedder.EclipseLogger - Using platform encoding (UTF-8 actually) to copy filtered resources, i.e. build is platform dependent!
2016-04-01 11:32:34,110 [Worker-4] INFO  o.e.m.c.i.embedder.EclipseLogger - Copying 0 resource
2016-04-01 11:34:20,911 [Worker-4] INFO  o.e.m.c.i.l.LifecycleMappingFactory - Using org.eclipse.m2e.jdt.JarLifecycleMapping lifecycle mapping for MavenProject: UdemyJUnit:com.udemy.junit:0.0.1-SNAPSHOT @ /Users/lou/Desktop/universita/magistrale/progettazioneDelSoftware/eclipseTDD/com.udemy.junit/pom.xml.
2016-04-01 11:34:20,990 [Worker-4] INFO  o.e.m.j.i.AbstractJavaProjectConfigurator - Adding source folder /com.udemy.junit/src/main/java
2016-04-01 11:34:20,991 [Worker-4] INFO  o.e.m.j.i.AbstractJavaProjectConfigurator - Adding resource folder /com.udemy.junit/src/main/resources
2016-04-01 11:34:20,992 [Worker-4] INFO  o.e.m.j.i.AbstractJavaProjectConfigurator - Adding source folder /com.udemy.junit/src/test/java
2016-04-01 11:34:20,992 [Worker-4] INFO  o.e.m.j.i.AbstractJavaProjectConfigurator - Adding resource folder /com.udemy.junit/src/test/resources
2016-04-01 11:34:21,293 [Worker-6] INFO  o.e.m.c.i.l.LifecycleMappingFactory - Using org.eclipse.m2e.jdt.JarLifecycleMapping lifecycle mapping for MavenProject: UdemyJUnit:com.udemy.junit:0.0.1-SNAPSHOT @ /Users/lou/Desktop/universita/magistrale/progettazioneDelSoftware/eclipseTDD/com.udemy.junit/pom.xml.
2016-04-01 11:34:21,412 [Worker-6] WARN  o.e.m.c.i.embedder.EclipseLogger - Using platform encoding (UTF-8 actually) to copy filtered resources, i.e. build is platform dependent!
2016-04-01 11:34:21,418 [Worker-6] INFO  o.e.m.c.i.embedder.EclipseLogger - Copying 0 resource
2016-04-01 11:34:21,425 [Worker-6] WARN  o.e.m.c.i.embedder.EclipseLogger - Using platform encoding (UTF-8 actually) to copy filtered resources, i.e. build is platform dependent!
2016-04-01 11:34:21,426 [Worker-6] INFO  o.e.m.c.i.embedder.EclipseLogger - Copying 0 resource
2016-04-01 11:34:22,181 [Worker-2] INFO  o.e.m.c.i.l.LifecycleMappingFactory - Using org.eclipse.m2e.jdt.JarLifecycleMapping lifecycle mapping for MavenProject: UdemyJUnit:com.udemy.junit:0.0.1-SNAPSHOT @ /Users/lou/Desktop/universita/magistrale/progettazioneDelSoftware/eclipseTDD/com.udemy.junit/pom.xml.
2016-04-01 11:34:22,480 [Worker-3] WARN  o.e.m.c.i.embedder.EclipseLogger - Using platform encoding (UTF-8 actually) to copy filtered resources, i.e. build is platform dependent!
2016-04-01 11:34:22,484 [Worker-3] INFO  o.e.m.c.i.embedder.EclipseLogger - Copying 0 resource
2016-04-01 11:34:22,486 [Worker-3] WARN  o.e.m.c.i.embedder.EclipseLogger - Using platform encoding (UTF-8 actually) to copy filtered resources, i.e. build is platform dependent!
2016-04-01 11:34:22,487 [Worker-3] INFO  o.e.m.c.i.embedder.EclipseLogger - Copying 0 resource
2016-04-01 11:36:11,613 [Worker-3] INFO  o.e.m.c.i.l.LifecycleMappingFactory - Using org.eclipse.m2e.jdt.JarLifecycleMapping lifecycle mapping for MavenProject: com.udemy.junit:UdemyJUnit:0.0.1-SNAPSHOT @ /Users/lou/Desktop/universita/magistrale/progettazioneDelSoftware/eclipseTDD/UdemyJUnit/pom.xml.
2016-04-01 11:36:11,650 [Worker-3] INFO  o.e.m.j.i.AbstractJavaProjectConfigurator - Adding source folder /UdemyJUnit/src/main/java
2016-04-01 11:36:11,650 [Worker-3] INFO  o.e.m.j.i.AbstractJavaProjectConfigurator - Adding resource folder /UdemyJUnit/src/main/resources
2016-04-01 11:36:11,651 [Worker-3] INFO  o.e.m.j.i.AbstractJavaProjectConfigurator - Adding source folder /UdemyJUnit/src/test/java
2016-04-01 11:36:11,651 [Worker-3] INFO  o.e.m.j.i.AbstractJavaProjectConfigurator - Adding resource folder /UdemyJUnit/src/test/resources
2016-04-01 11:36:11,927 [Worker-2] INFO  o.e.m.c.i.l.LifecycleMappingFactory - Using org.eclipse.m2e.jdt.JarLifecycleMapping lifecycle mapping for MavenProject: com.udemy.junit:UdemyJUnit:0.0.1-SNAPSHOT @ /Users/lou/Desktop/universita/magistrale/progettazioneDelSoftware/eclipseTDD/UdemyJUnit/pom.xml.
2016-04-01 11:36:11,967 [Worker-2] WARN  o.e.m.c.i.embedder.EclipseLogger - Using platform encoding (UTF-8 actually) to copy filtered resources, i.e. build is platform dependent!
2016-04-01 11:36:11,968 [Worker-2] INFO  o.e.m.c.i.embedder.EclipseLogger - Copying 0 resource
2016-04-01 11:36:11,970 [Worker-2] WARN  o.e.m.c.i.embedder.EclipseLogger - Using platform encoding (UTF-8 actually) to copy filtered resources, i.e. build is platform dependent!
2016-04-01 11:36:11,970 [Worker-2] INFO  o.e.m.c.i.embedder.EclipseLogger - Copying 0 resource
2016-04-01 11:36:12,765 [Worker-5] INFO  o.e.m.c.i.l.LifecycleMappingFactory - Using org.eclipse.m2e.jdt.JarLifecycleMapping lifecycle mapping for MavenProject: com.udemy.junit:UdemyJUnit:0.0.1-SNAPSHOT @ /Users/lou/Desktop/universita/magistrale/progettazioneDelSoftware/eclipseTDD/UdemyJUnit/pom.xml.
2016-04-01 11:36:12,990 [Worker-6] WARN  o.e.m.c.i.embedder.EclipseLogger - Using platform encoding (UTF-8 actually) to copy filtered resources, i.e. build is platform dependent!
2016-04-01 11:36:12,991 [Worker-6] INFO  o.e.m.c.i.embedder.EclipseLogger - Copying 0 resource
2016-04-01 11:36:12,993 [Worker-6] WARN  o.e.m.c.i.embedder.EclipseLogger - Using platform encoding (UTF-8 actually) to copy filtered resources, i.e. build is platform dependent!
2016-04-01 11:36:12,993 [Worker-6] INFO  o.e.m.c.i.embedder.EclipseLogger - Copying 0 resource
2016-04-01 11:42:29,864 [Worker-7] WARN  o.e.m.c.i.embedder.EclipseLogger - Using platform encoding (UTF-8 actually) to copy filtered resources, i.e. build is platform dependent!
2016-04-01 11:42:29,883 [Worker-7] INFO  o.e.m.c.i.embedder.EclipseLogger - Copying 0 resource
2016-04-01 11:42:29,886 [Worker-7] WARN  o.e.m.c.i.embedder.EclipseLogger - Using platform encoding (UTF-8 actually) to copy filtered resources, i.e. build is platform dependent!
2016-04-01 11:42:29,887 [Worker-7] INFO  o.e.m.c.i.embedder.EclipseLogger - Copying 0 resource
2016-04-01 11:43:11,092 [Worker-10] INFO  o.e.m.c.i.l.LifecycleMappingFactory - Using org.eclipse.m2e.jdt.JarLifecycleMapping lifecycle mapping for MavenProject: com.udemy.junit:UdemyJUnit:0.0.1-SNAPSHOT @ /Users/lou/Desktop/universita/magistrale/progettazioneDelSoftware/eclipseTDD/UdemyJUnit/pom.xml.
2016-04-01 11:43:11,139 [Worker-10] WARN  o.e.m.c.i.embedder.EclipseLogger - Using platform encoding (UTF-8 actually) to copy filtered resources, i.e. build is platform dependent!
2016-04-01 11:43:11,141 [Worker-10] INFO  o.e.m.c.i.embedder.EclipseLogger - Copying 0 resource
2016-04-01 11:43:11,143 [Worker-10] WARN  o.e.m.c.i.embedder.EclipseLogger - Using platform encoding (UTF-8 actually) to copy filtered resources, i.e. build is platform dependent!
2016-04-01 11:43:11,144 [Worker-10] INFO  o.e.m.c.i.embedder.EclipseLogger - Copying 0 resource
2016-04-02 20:01:25,791 [Worker-7] WARN  o.e.m.c.i.embedder.EclipseLogger - Using platform encoding (UTF-8 actually) to copy filtered resources, i.e. build is platform dependent!
2016-04-02 20:01:25,815 [Worker-7] INFO  o.e.m.c.i.embedder.EclipseLogger - Copying 0 resource
2016-04-02 20:01:25,820 [Worker-7] WARN  o.e.m.c.i.embedder.EclipseLogger - Using platform encoding (UTF-8 actually) to copy filtered resources, i.e. build is platform dependent!
2016-04-02 20:01:25,820 [Worker-7] INFO  o.e.m.c.i.embedder.EclipseLogger - Copying 0 resource
2016-04-02 20:01:37,699 [Worker-6] WARN  o.e.m.c.i.embedder.EclipseLogger - Using platform encoding (UTF-8 actually) to copy filtered resources, i.e. build is platform dependent!
2016-04-02 20:01:37,706 [Worker-6] INFO  o.e.m.c.i.embedder.EclipseLogger - Copying 0 resource
2016-04-02 20:01:37,709 [Worker-6] WARN  o.e.m.c.i.embedder.EclipseLogger - Using platform encoding (UTF-8 actually) to copy filtered resources, i.e. build is platform dependent!
2016-04-02 20:01:37,711 [Worker-6] INFO  o.e.m.c.i.embedder.EclipseLogger - Copying 0 resource
2016-04-02 20:04:44,934 [Worker-5] WARN  o.e.m.c.i.embedder.EclipseLogger - Using platform encoding (UTF-8 actually) to copy filtered resources, i.e. build is platform dependent!
2016-04-02 20:04:44,939 [Worker-5] INFO  o.e.m.c.i.embedder.EclipseLogger - Copying 0 resource
2016-04-02 20:04:44,941 [Worker-5] WARN  o.e.m.c.i.embedder.EclipseLogger - Using platform encoding (UTF-8 actually) to copy filtered resources, i.e. build is platform dependent!
2016-04-02 20:04:44,942 [Worker-5] INFO  o.e.m.c.i.embedder.EclipseLogger - Copying 0 resource
2016-04-02 20:06:30,325 [Worker-4] WARN  o.e.m.c.i.embedder.EclipseLogger - Using platform encoding (UTF-8 actually) to copy filtered resources, i.e. build is platform dependent!
2016-04-02 20:06:30,326 [Worker-4] INFO  o.e.m.c.i.embedder.EclipseLogger - Copying 0 resource
2016-04-02 20:06:30,327 [Worker-4] WARN  o.e.m.c.i.embedder.EclipseLogger - Using platform encoding (UTF-8 actually) to copy filtered resources, i.e. build is platform dependent!
2016-04-02 20:06:30,328 [Worker-4] INFO  o.e.m.c.i.embedder.EclipseLogger - Copying 0 resource
2016-04-02 20:06:55,545 [Worker-0] WARN  o.e.m.c.i.embedder.EclipseLogger - Using platform encoding (UTF-8 actually) to copy filtered resources, i.e. build is platform dependent!
2016-04-02 20:06:55,547 [Worker-0] INFO  o.e.m.c.i.embedder.EclipseLogger - Copying 0 resource
2016-04-02 20:06:55,548 [Worker-0] WARN  o.e.m.c.i.embedder.EclipseLogger - Using platform encoding (UTF-8 actually) to copy filtered resources, i.e. build is platform dependent!
2016-04-02 20:06:55,550 [Worker-0] INFO  o.e.m.c.i.embedder.EclipseLogger - Copying 0 resource
2016-04-02 20:07:40,458 [Worker-7] WARN  o.e.m.c.i.embedder.EclipseLogger - Using platform encoding (UTF-8 actually) to copy filtered resources, i.e. build is platform dependent!
2016-04-02 20:07:40,459 [Worker-7] INFO  o.e.m.c.i.embedder.EclipseLogger - Copying 0 resource
2016-04-02 20:07:40,461 [Worker-7] WARN  o.e.m.c.i.embedder.EclipseLogger - Using platform encoding (UTF-8 actually) to copy filtered resources, i.e. build is platform dependent!
2016-04-02 20:07:40,462 [Worker-7] INFO  o.e.m.c.i.embedder.EclipseLogger - Copying 0 resource
2016-04-02 20:08:53,017 [Worker-0] WARN  o.e.m.c.i.embedder.EclipseLogger - Using platform encoding (UTF-8 actually) to copy filtered resources, i.e. build is platform dependent!
2016-04-02 20:08:53,018 [Worker-0] INFO  o.e.m.c.i.embedder.EclipseLogger - Copying 0 resource
2016-04-02 20:08:53,020 [Worker-0] WARN  o.e.m.c.i.embedder.EclipseLogger - Using platform encoding (UTF-8 actually) to copy filtered resources, i.e. build is platform dependent!
2016-04-02 20:08:53,021 [Worker-0] INFO  o.e.m.c.i.embedder.EclipseLogger - Copying 0 resource
2016-04-02 20:10:22,126 [Worker-8] WARN  o.e.m.c.i.embedder.EclipseLogger - Using platform encoding (UTF-8 actually) to copy filtered resources, i.e. build is platform dependent!
2016-04-02 20:10:22,128 [Worker-8] INFO  o.e.m.c.i.embedder.EclipseLogger - Copying 0 resource
2016-04-02 20:10:22,132 [Worker-8] WARN  o.e.m.c.i.embedder.EclipseLogger - Using platform encoding (UTF-8 actually) to copy filtered resources, i.e. build is platform dependent!
2016-04-02 20:10:22,133 [Worker-8] INFO  o.e.m.c.i.embedder.EclipseLogger - Copying 0 resource
2016-04-02 20:10:56,110 [Worker-0] WARN  o.e.m.c.i.embedder.EclipseLogger - Using platform encoding (UTF-8 actually) to copy filtered resources, i.e. build is platform dependent!
2016-04-02 20:10:56,112 [Worker-0] INFO  o.e.m.c.i.embedder.EclipseLogger - Copying 0 resource
2016-04-02 20:10:56,115 [Worker-0] WARN  o.e.m.c.i.embedder.EclipseLogger - Using platform encoding (UTF-8 actually) to copy filtered resources, i.e. build is platform dependent!
2016-04-02 20:10:56,116 [Worker-0] INFO  o.e.m.c.i.embedder.EclipseLogger - Copying 0 resource
2016-04-02 20:11:36,643 [Worker-0] WARN  o.e.m.c.i.embedder.EclipseLogger - Using platform encoding (UTF-8 actually) to copy filtered resources, i.e. build is platform dependent!
2016-04-02 20:11:36,645 [Worker-0] INFO  o.e.m.c.i.embedder.EclipseLogger - Copying 0 resource
2016-04-02 20:11:36,647 [Worker-0] WARN  o.e.m.c.i.embedder.EclipseLogger - Using platform encoding (UTF-8 actually) to copy filtered resources, i.e. build is platform dependent!
2016-04-02 20:11:36,648 [Worker-0] INFO  o.e.m.c.i.embedder.EclipseLogger - Copying 0 resource
2016-04-02 20:12:04,700 [Worker-5] WARN  o.e.m.c.i.embedder.EclipseLogger - Using platform encoding (UTF-8 actually) to copy filtered resources, i.e. build is platform dependent!
2016-04-02 20:12:04,704 [Worker-5] INFO  o.e.m.c.i.embedder.EclipseLogger - Copying 0 resource
2016-04-02 20:12:04,707 [Worker-5] WARN  o.e.m.c.i.embedder.EclipseLogger - Using platform encoding (UTF-8 actually) to copy filtered resources, i.e. build is platform dependent!
2016-04-02 20:12:04,708 [Worker-5] INFO  o.e.m.c.i.embedder.EclipseLogger - Copying 0 resource
2016-04-02 20:12:23,915 [Worker-5] WARN  o.e.m.c.i.embedder.EclipseLogger - Using platform encoding (UTF-8 actually) to copy filtered resources, i.e. build is platform dependent!
2016-04-02 20:12:23,916 [Worker-5] INFO  o.e.m.c.i.embedder.EclipseLogger - Copying 0 resource
2016-04-02 20:12:23,918 [Worker-5] WARN  o.e.m.c.i.embedder.EclipseLogger - Using platform encoding (UTF-8 actually) to copy filtered resources, i.e. build is platform dependent!
2016-04-02 20:12:23,919 [Worker-5] INFO  o.e.m.c.i.embedder.EclipseLogger - Copying 0 resource
2016-04-02 20:12:54,235 [Worker-4] WARN  o.e.m.c.i.embedder.EclipseLogger - Using platform encoding (UTF-8 actually) to copy filtered resources, i.e. build is platform dependent!
2016-04-02 20:12:54,238 [Worker-4] INFO  o.e.m.c.i.embedder.EclipseLogger - Copying 0 resource
2016-04-02 20:12:54,240 [Worker-4] WARN  o.e.m.c.i.embedder.EclipseLogger - Using platform encoding (UTF-8 actually) to copy filtered resources, i.e. build is platform dependent!
2016-04-02 20:12:54,241 [Worker-4] INFO  o.e.m.c.i.embedder.EclipseLogger - Copying 0 resource
2016-04-02 20:13:10,962 [Worker-7] WARN  o.e.m.c.i.embedder.EclipseLogger - Using platform encoding (UTF-8 actually) to copy filtered resources, i.e. build is platform dependent!
2016-04-02 20:13:10,965 [Worker-7] INFO  o.e.m.c.i.embedder.EclipseLogger - Copying 0 resource
2016-04-02 20:13:10,967 [Worker-7] WARN  o.e.m.c.i.embedder.EclipseLogger - Using platform encoding (UTF-8 actually) to copy filtered resources, i.e. build is platform dependent!
2016-04-02 20:13:10,967 [Worker-7] INFO  o.e.m.c.i.embedder.EclipseLogger - Copying 0 resource
2016-04-02 20:14:27,818 [Worker-5] WARN  o.e.m.c.i.embedder.EclipseLogger - Using platform encoding (UTF-8 actually) to copy filtered resources, i.e. build is platform dependent!
2016-04-02 20:14:27,822 [Worker-5] INFO  o.e.m.c.i.embedder.EclipseLogger - Copying 0 resource
2016-04-02 20:14:27,826 [Worker-5] WARN  o.e.m.c.i.embedder.EclipseLogger - Using platform encoding (UTF-8 actually) to copy filtered resources, i.e. build is platform dependent!
2016-04-02 20:14:27,828 [Worker-5] INFO  o.e.m.c.i.embedder.EclipseLogger - Copying 0 resource
2016-04-02 20:14:43,408 [Worker-1] WARN  o.e.m.c.i.embedder.EclipseLogger - Using platform encoding (UTF-8 actually) to copy filtered resources, i.e. build is platform dependent!
2016-04-02 20:14:43,410 [Worker-1] INFO  o.e.m.c.i.embedder.EclipseLogger - Copying 0 resource
2016-04-02 20:14:43,415 [Worker-1] WARN  o.e.m.c.i.embedder.EclipseLogger - Using platform encoding (UTF-8 actually) to copy filtered resources, i.e. build is platform dependent!
2016-04-02 20:14:43,416 [Worker-1] INFO  o.e.m.c.i.embedder.EclipseLogger - Copying 0 resource
2016-04-02 20:22:34,083 [Worker-5] WARN  o.e.m.c.i.embedder.EclipseLogger - Using platform encoding (UTF-8 actually) to copy filtered resources, i.e. build is platform dependent!
2016-04-02 20:22:34,086 [Worker-5] INFO  o.e.m.c.i.embedder.EclipseLogger - Copying 0 resource
2016-04-02 20:22:34,088 [Worker-5] WARN  o.e.m.c.i.embedder.EclipseLogger - Using platform encoding (UTF-8 actually) to copy filtered resources, i.e. build is platform dependent!
2016-04-02 20:22:34,090 [Worker-5] INFO  o.e.m.c.i.embedder.EclipseLogger - Copying 0 resource
2016-04-02 20:26:12,587 [Worker-2] WARN  o.e.m.c.i.embedder.EclipseLogger - Using platform encoding (UTF-8 actually) to copy filtered resources, i.e. build is platform dependent!
2016-04-02 20:26:12,588 [Worker-2] INFO  o.e.m.c.i.embedder.EclipseLogger - Copying 0 resource
2016-04-02 20:26:12,591 [Worker-2] WARN  o.e.m.c.i.embedder.EclipseLogger - Using platform encoding (UTF-8 actually) to copy filtered resources, i.e. build is platform dependent!
2016-04-02 20:26:12,592 [Worker-2] INFO  o.e.m.c.i.embedder.EclipseLogger - Copying 0 resource
2016-04-02 20:30:37,783 [Worker-7] WARN  o.e.m.c.i.embedder.EclipseLogger - Using platform encoding (UTF-8 actually) to copy filtered resources, i.e. build is platform dependent!
2016-04-02 20:30:37,785 [Worker-7] INFO  o.e.m.c.i.embedder.EclipseLogger - Copying 0 resource
2016-04-02 20:30:37,788 [Worker-7] WARN  o.e.m.c.i.embedder.EclipseLogger - Using platform encoding (UTF-8 actually) to copy filtered resources, i.e. build is platform dependent!
2016-04-02 20:30:37,789 [Worker-7] INFO  o.e.m.c.i.embedder.EclipseLogger - Copying 0 resource
2016-04-02 20:31:09,680 [Worker-8] WARN  o.e.m.c.i.embedder.EclipseLogger - Using platform encoding (UTF-8 actually) to copy filtered resources, i.e. build is platform dependent!
2016-04-02 20:31:09,683 [Worker-8] INFO  o.e.m.c.i.embedder.EclipseLogger - Copying 0 resource
2016-04-02 20:31:09,685 [Worker-8] WARN  o.e.m.c.i.embedder.EclipseLogger - Using platform encoding (UTF-8 actually) to copy filtered resources, i.e. build is platform dependent!
2016-04-02 20:31:09,686 [Worker-8] INFO  o.e.m.c.i.embedder.EclipseLogger - Copying 0 resource
2016-04-02 20:31:47,872 [Worker-4] WARN  o.e.m.c.i.embedder.EclipseLogger - Using platform encoding (UTF-8 actually) to copy filtered resources, i.e. build is platform dependent!
2016-04-02 20:31:47,873 [Worker-4] INFO  o.e.m.c.i.embedder.EclipseLogger - Copying 0 resource
2016-04-02 20:31:47,874 [Worker-4] WARN  o.e.m.c.i.embedder.EclipseLogger - Using platform encoding (UTF-8 actually) to copy filtered resources, i.e. build is platform dependent!
2016-04-02 20:31:47,875 [Worker-4] INFO  o.e.m.c.i.embedder.EclipseLogger - Copying 0 resource
2016-04-02 20:32:01,796 [Worker-5] WARN  o.e.m.c.i.embedder.EclipseLogger - Using platform encoding (UTF-8 actually) to copy filtered resources, i.e. build is platform dependent!
2016-04-02 20:32:01,796 [Worker-5] INFO  o.e.m.c.i.embedder.EclipseLogger - Copying 0 resource
2016-04-02 20:32:01,798 [Worker-5] WARN  o.e.m.c.i.embedder.EclipseLogger - Using platform encoding (UTF-8 actually) to copy filtered resources, i.e. build is platform dependent!
2016-04-02 20:32:01,799 [Worker-5] INFO  o.e.m.c.i.embedder.EclipseLogger - Copying 0 resource
2016-04-02 20:32:11,834 [Worker-5] WARN  o.e.m.c.i.embedder.EclipseLogger - Using platform encoding (UTF-8 actually) to copy filtered resources, i.e. build is platform dependent!
2016-04-02 20:32:11,836 [Worker-5] INFO  o.e.m.c.i.embedder.EclipseLogger - Copying 0 resource
2016-04-02 20:32:11,839 [Worker-5] WARN  o.e.m.c.i.embedder.EclipseLogger - Using platform encoding (UTF-8 actually) to copy filtered resources, i.e. build is platform dependent!
2016-04-02 20:32:11,843 [Worker-5] INFO  o.e.m.c.i.embedder.EclipseLogger - Copying 0 resource
2016-04-10 15:44:06,526 [Worker-112] WARN  o.e.m.c.i.embedder.EclipseLogger - Using platform encoding (UTF-8 actually) to copy filtered resources, i.e. build is platform dependent!
2016-04-10 15:44:06,531 [Worker-112] INFO  o.e.m.c.i.embedder.EclipseLogger - Copying 0 resource
2016-04-10 15:44:06,533 [Worker-112] WARN  o.e.m.c.i.embedder.EclipseLogger - Using platform encoding (UTF-8 actually) to copy filtered resources, i.e. build is platform dependent!
2016-04-10 15:44:06,534 [Worker-112] INFO  o.e.m.c.i.embedder.EclipseLogger - Copying 0 resource
2016-04-10 15:44:23,600 [Worker-92] WARN  o.e.m.c.i.embedder.EclipseLogger - Using platform encoding (UTF-8 actually) to copy filtered resources, i.e. build is platform dependent!
2016-04-10 15:44:23,601 [Worker-92] INFO  o.e.m.c.i.embedder.EclipseLogger - Copying 0 resource
2016-04-10 15:44:23,603 [Worker-92] WARN  o.e.m.c.i.embedder.EclipseLogger - Using platform encoding (UTF-8 actually) to copy filtered resources, i.e. build is platform dependent!
2016-04-10 15:44:23,604 [Worker-92] INFO  o.e.m.c.i.embedder.EclipseLogger - Copying 0 resource
2016-04-10 15:46:35,170 [Worker-109] WARN  o.e.m.c.i.embedder.EclipseLogger - Using platform encoding (UTF-8 actually) to copy filtered resources, i.e. build is platform dependent!
2016-04-10 15:46:35,172 [Worker-109] INFO  o.e.m.c.i.embedder.EclipseLogger - Copying 0 resource
2016-04-10 15:46:35,176 [Worker-109] WARN  o.e.m.c.i.embedder.EclipseLogger - Using platform encoding (UTF-8 actually) to copy filtered resources, i.e. build is platform dependent!
2016-04-10 15:46:35,177 [Worker-109] INFO  o.e.m.c.i.embedder.EclipseLogger - Copying 0 resource
2016-04-10 15:48:02,609 [Worker-92] WARN  o.e.m.c.i.embedder.EclipseLogger - Using platform encoding (UTF-8 actually) to copy filtered resources, i.e. build is platform dependent!
2016-04-10 15:48:02,610 [Worker-92] INFO  o.e.m.c.i.embedder.EclipseLogger - Copying 0 resource
2016-04-10 15:48:02,611 [Worker-92] WARN  o.e.m.c.i.embedder.EclipseLogger - Using platform encoding (UTF-8 actually) to copy filtered resources, i.e. build is platform dependent!
2016-04-10 15:48:02,613 [Worker-92] INFO  o.e.m.c.i.embedder.EclipseLogger - Copying 0 resource
2016-04-10 15:52:35,058 [Worker-111] WARN  o.e.m.c.i.embedder.EclipseLogger - Using platform encoding (UTF-8 actually) to copy filtered resources, i.e. build is platform dependent!
2016-04-10 15:52:35,060 [Worker-111] INFO  o.e.m.c.i.embedder.EclipseLogger - Copying 0 resource
2016-04-10 15:52:35,061 [Worker-111] WARN  o.e.m.c.i.embedder.EclipseLogger - Using platform encoding (UTF-8 actually) to copy filtered resources, i.e. build is platform dependent!
2016-04-10 15:52:35,062 [Worker-111] INFO  o.e.m.c.i.embedder.EclipseLogger - Copying 0 resource
2016-04-10 15:53:17,106 [Worker-107] WARN  o.e.m.c.i.embedder.EclipseLogger - Using platform encoding (UTF-8 actually) to copy filtered resources, i.e. build is platform dependent!
2016-04-10 15:53:17,108 [Worker-107] INFO  o.e.m.c.i.embedder.EclipseLogger - Copying 0 resource
2016-04-10 15:53:17,109 [Worker-107] WARN  o.e.m.c.i.embedder.EclipseLogger - Using platform encoding (UTF-8 actually) to copy filtered resources, i.e. build is platform dependent!
2016-04-10 15:53:17,110 [Worker-107] INFO  o.e.m.c.i.embedder.EclipseLogger - Copying 0 resource
2016-04-10 15:53:58,996 [Worker-92] WARN  o.e.m.c.i.embedder.EclipseLogger - Using platform encoding (UTF-8 actually) to copy filtered resources, i.e. build is platform dependent!
2016-04-10 15:53:58,998 [Worker-92] INFO  o.e.m.c.i.embedder.EclipseLogger - Copying 0 resource
2016-04-10 15:53:59,000 [Worker-92] WARN  o.e.m.c.i.embedder.EclipseLogger - Using platform encoding (UTF-8 actually) to copy filtered resources, i.e. build is platform dependent!
2016-04-10 15:53:59,000 [Worker-92] INFO  o.e.m.c.i.embedder.EclipseLogger - Copying 0 resource
2016-04-10 15:54:27,502 [Worker-98] WARN  o.e.m.c.i.embedder.EclipseLogger - Using platform encoding (UTF-8 actually) to copy filtered resources, i.e. build is platform dependent!
2016-04-10 15:54:27,504 [Worker-98] INFO  o.e.m.c.i.embedder.EclipseLogger - Copying 0 resource
2016-04-10 15:54:27,508 [Worker-98] WARN  o.e.m.c.i.embedder.EclipseLogger - Using platform encoding (UTF-8 actually) to copy filtered resources, i.e. build is platform dependent!
2016-04-10 15:54:27,509 [Worker-98] INFO  o.e.m.c.i.embedder.EclipseLogger - Copying 0 resource
2016-04-10 15:55:58,481 [Worker-111] WARN  o.e.m.c.i.embedder.EclipseLogger - Using platform encoding (UTF-8 actually) to copy filtered resources, i.e. build is platform dependent!
2016-04-10 15:55:58,483 [Worker-111] INFO  o.e.m.c.i.embedder.EclipseLogger - Copying 0 resource
2016-04-10 15:55:58,485 [Worker-111] WARN  o.e.m.c.i.embedder.EclipseLogger - Using platform encoding (UTF-8 actually) to copy filtered resources, i.e. build is platform dependent!
2016-04-10 15:55:58,487 [Worker-111] INFO  o.e.m.c.i.embedder.EclipseLogger - Copying 0 resource
2016-04-10 15:56:32,332 [Worker-109] WARN  o.e.m.c.i.embedder.EclipseLogger - Using platform encoding (UTF-8 actually) to copy filtered resources, i.e. build is platform dependent!
2016-04-10 15:56:32,335 [Worker-109] INFO  o.e.m.c.i.embedder.EclipseLogger - Copying 0 resource
2016-04-10 15:56:32,337 [Worker-109] WARN  o.e.m.c.i.embedder.EclipseLogger - Using platform encoding (UTF-8 actually) to copy filtered resources, i.e. build is platform dependent!
2016-04-10 15:56:32,338 [Worker-109] INFO  o.e.m.c.i.embedder.EclipseLogger - Copying 0 resource
2016-04-10 15:56:40,429 [Worker-111] WARN  o.e.m.c.i.embedder.EclipseLogger - Using platform encoding (UTF-8 actually) to copy filtered resources, i.e. build is platform dependent!
2016-04-10 15:56:40,431 [Worker-111] INFO  o.e.m.c.i.embedder.EclipseLogger - Copying 0 resource
2016-04-10 15:56:40,432 [Worker-111] WARN  o.e.m.c.i.embedder.EclipseLogger - Using platform encoding (UTF-8 actually) to copy filtered resources, i.e. build is platform dependent!
2016-04-10 15:56:40,433 [Worker-111] INFO  o.e.m.c.i.embedder.EclipseLogger - Copying 0 resource
2016-04-10 15:59:33,800 [Worker-98] WARN  o.e.m.c.i.embedder.EclipseLogger - Using platform encoding (UTF-8 actually) to copy filtered resources, i.e. build is platform dependent!
2016-04-10 15:59:33,802 [Worker-98] INFO  o.e.m.c.i.embedder.EclipseLogger - Copying 0 resource
2016-04-10 15:59:33,804 [Worker-98] WARN  o.e.m.c.i.embedder.EclipseLogger - Using platform encoding (UTF-8 actually) to copy filtered resources, i.e. build is platform dependent!
2016-04-10 15:59:33,804 [Worker-98] INFO  o.e.m.c.i.embedder.EclipseLogger - Copying 0 resource
2016-04-10 15:59:43,802 [Worker-109] WARN  o.e.m.c.i.embedder.EclipseLogger - Using platform encoding (UTF-8 actually) to copy filtered resources, i.e. build is platform dependent!
2016-04-10 15:59:43,809 [Worker-109] INFO  o.e.m.c.i.embedder.EclipseLogger - Copying 0 resource
2016-04-10 15:59:43,812 [Worker-109] WARN  o.e.m.c.i.embedder.EclipseLogger - Using platform encoding (UTF-8 actually) to copy filtered resources, i.e. build is platform dependent!
2016-04-10 15:59:43,813 [Worker-109] INFO  o.e.m.c.i.embedder.EclipseLogger - Copying 0 resource
2016-04-10 15:59:49,072 [Worker-111] WARN  o.e.m.c.i.embedder.EclipseLogger - Using platform encoding (UTF-8 actually) to copy filtered resources, i.e. build is platform dependent!
2016-04-10 15:59:49,073 [Worker-111] INFO  o.e.m.c.i.embedder.EclipseLogger - Copying 0 resource
2016-04-10 15:59:49,074 [Worker-111] WARN  o.e.m.c.i.embedder.EclipseLogger - Using platform encoding (UTF-8 actually) to copy filtered resources, i.e. build is platform dependent!
2016-04-10 15:59:49,075 [Worker-111] INFO  o.e.m.c.i.embedder.EclipseLogger - Copying 0 resource
2016-04-10 16:00:09,712 [Worker-111] WARN  o.e.m.c.i.embedder.EclipseLogger - Using platform encoding (UTF-8 actually) to copy filtered resources, i.e. build is platform dependent!
2016-04-10 16:00:09,713 [Worker-111] INFO  o.e.m.c.i.embedder.EclipseLogger - Copying 0 resource
2016-04-10 16:00:09,714 [Worker-111] WARN  o.e.m.c.i.embedder.EclipseLogger - Using platform encoding (UTF-8 actually) to copy filtered resources, i.e. build is platform dependent!
2016-04-10 16:00:09,715 [Worker-111] INFO  o.e.m.c.i.embedder.EclipseLogger - Copying 0 resource
2016-04-10 16:01:44,328 [Worker-112] WARN  o.e.m.c.i.embedder.EclipseLogger - Using platform encoding (UTF-8 actually) to copy filtered resources, i.e. build is platform dependent!
2016-04-10 16:01:44,330 [Worker-112] INFO  o.e.m.c.i.embedder.EclipseLogger - Copying 0 resource
2016-04-10 16:01:44,333 [Worker-112] WARN  o.e.m.c.i.embedder.EclipseLogger - Using platform encoding (UTF-8 actually) to copy filtered resources, i.e. build is platform dependent!
2016-04-10 16:01:44,334 [Worker-112] INFO  o.e.m.c.i.embedder.EclipseLogger - Copying 0 resource
2016-04-10 16:01:58,410 [Worker-92] WARN  o.e.m.c.i.embedder.EclipseLogger - Using platform encoding (UTF-8 actually) to copy filtered resources, i.e. build is platform dependent!
2016-04-10 16:01:58,411 [Worker-92] INFO  o.e.m.c.i.embedder.EclipseLogger - Copying 0 resource
2016-04-10 16:01:58,412 [Worker-92] WARN  o.e.m.c.i.embedder.EclipseLogger - Using platform encoding (UTF-8 actually) to copy filtered resources, i.e. build is platform dependent!
2016-04-10 16:01:58,413 [Worker-92] INFO  o.e.m.c.i.embedder.EclipseLogger - Copying 0 resource
2016-04-10 16:05:52,687 [Worker-112] WARN  o.e.m.c.i.embedder.EclipseLogger - Using platform encoding (UTF-8 actually) to copy filtered resources, i.e. build is platform dependent!
2016-04-10 16:05:52,689 [Worker-112] INFO  o.e.m.c.i.embedder.EclipseLogger - Copying 0 resource
2016-04-10 16:05:52,690 [Worker-112] WARN  o.e.m.c.i.embedder.EclipseLogger - Using platform encoding (UTF-8 actually) to copy filtered resources, i.e. build is platform dependent!
2016-04-10 16:05:52,692 [Worker-112] INFO  o.e.m.c.i.embedder.EclipseLogger - Copying 0 resource
2016-04-10 16:08:29,129 [Worker-107] WARN  o.e.m.c.i.embedder.EclipseLogger - Using platform encoding (UTF-8 actually) to copy filtered resources, i.e. build is platform dependent!
2016-04-10 16:08:29,133 [Worker-107] INFO  o.e.m.c.i.embedder.EclipseLogger - Copying 0 resource
2016-04-10 16:08:29,134 [Worker-107] WARN  o.e.m.c.i.embedder.EclipseLogger - Using platform encoding (UTF-8 actually) to copy filtered resources, i.e. build is platform dependent!
2016-04-10 16:08:29,135 [Worker-107] INFO  o.e.m.c.i.embedder.EclipseLogger - Copying 0 resource
2016-04-10 16:12:52,267 [Worker-92] WARN  o.e.m.c.i.embedder.EclipseLogger - Using platform encoding (UTF-8 actually) to copy filtered resources, i.e. build is platform dependent!
2016-04-10 16:12:52,269 [Worker-92] INFO  o.e.m.c.i.embedder.EclipseLogger - Copying 0 resource
2016-04-10 16:12:52,270 [Worker-92] WARN  o.e.m.c.i.embedder.EclipseLogger - Using platform encoding (UTF-8 actually) to copy filtered resources, i.e. build is platform dependent!
2016-04-10 16:12:52,271 [Worker-92] INFO  o.e.m.c.i.embedder.EclipseLogger - Copying 0 resource
2016-04-10 16:13:20,840 [Worker-110] WARN  o.e.m.c.i.embedder.EclipseLogger - Using platform encoding (UTF-8 actually) to copy filtered resources, i.e. build is platform dependent!
2016-04-10 16:13:20,841 [Worker-110] INFO  o.e.m.c.i.embedder.EclipseLogger - Copying 0 resource
2016-04-10 16:13:20,842 [Worker-110] WARN  o.e.m.c.i.embedder.EclipseLogger - Using platform encoding (UTF-8 actually) to copy filtered resources, i.e. build is platform dependent!
2016-04-10 16:13:20,843 [Worker-110] INFO  o.e.m.c.i.embedder.EclipseLogger - Copying 0 resource
2016-04-14 12:10:08,679 [Worker-143] WARN  o.e.m.c.i.embedder.EclipseLogger - Using platform encoding (UTF-8 actually) to copy filtered resources, i.e. build is platform dependent!
2016-04-14 12:10:08,687 [Worker-143] INFO  o.e.m.c.i.embedder.EclipseLogger - Copying 0 resource
2016-04-14 12:10:08,689 [Worker-143] WARN  o.e.m.c.i.embedder.EclipseLogger - Using platform encoding (UTF-8 actually) to copy filtered resources, i.e. build is platform dependent!
2016-04-14 12:10:08,691 [Worker-143] INFO  o.e.m.c.i.embedder.EclipseLogger - Copying 0 resource
2016-04-14 12:11:25,651 [Worker-147] WARN  o.e.m.c.i.embedder.EclipseLogger - Using platform encoding (UTF-8 actually) to copy filtered resources, i.e. build is platform dependent!
2016-04-14 12:11:25,652 [Worker-147] INFO  o.e.m.c.i.embedder.EclipseLogger - Copying 0 resource
2016-04-14 12:11:25,653 [Worker-147] WARN  o.e.m.c.i.embedder.EclipseLogger - Using platform encoding (UTF-8 actually) to copy filtered resources, i.e. build is platform dependent!
2016-04-14 12:11:25,656 [Worker-147] INFO  o.e.m.c.i.embedder.EclipseLogger - Copying 0 resource
2016-04-14 12:11:54,108 [Worker-137] WARN  o.e.m.c.i.embedder.EclipseLogger - Using platform encoding (UTF-8 actually) to copy filtered resources, i.e. build is platform dependent!
2016-04-14 12:11:54,110 [Worker-137] INFO  o.e.m.c.i.embedder.EclipseLogger - Copying 0 resource
2016-04-14 12:11:54,112 [Worker-137] WARN  o.e.m.c.i.embedder.EclipseLogger - Using platform encoding (UTF-8 actually) to copy filtered resources, i.e. build is platform dependent!
2016-04-14 12:11:54,113 [Worker-137] INFO  o.e.m.c.i.embedder.EclipseLogger - Copying 0 resource
2016-04-14 12:13:49,255 [Worker-146] WARN  o.e.m.c.i.embedder.EclipseLogger - Using platform encoding (UTF-8 actually) to copy filtered resources, i.e. build is platform dependent!
2016-04-14 12:13:49,256 [Worker-146] INFO  o.e.m.c.i.embedder.EclipseLogger - Copying 0 resource
2016-04-14 12:13:49,257 [Worker-146] WARN  o.e.m.c.i.embedder.EclipseLogger - Using platform encoding (UTF-8 actually) to copy filtered resources, i.e. build is platform dependent!
2016-04-14 12:13:49,258 [Worker-146] INFO  o.e.m.c.i.embedder.EclipseLogger - Copying 0 resource
2016-04-14 12:14:03,577 [Worker-143] WARN  o.e.m.c.i.embedder.EclipseLogger - Using platform encoding (UTF-8 actually) to copy filtered resources, i.e. build is platform dependent!
2016-04-14 12:14:03,578 [Worker-143] INFO  o.e.m.c.i.embedder.EclipseLogger - Copying 0 resource
2016-04-14 12:14:03,579 [Worker-143] WARN  o.e.m.c.i.embedder.EclipseLogger - Using platform encoding (UTF-8 actually) to copy filtered resources, i.e. build is platform dependent!
2016-04-14 12:14:03,580 [Worker-143] INFO  o.e.m.c.i.embedder.EclipseLogger - Copying 0 resource
2016-04-14 12:20:06,415 [Worker-143] WARN  o.e.m.c.i.embedder.EclipseLogger - Using platform encoding (UTF-8 actually) to copy filtered resources, i.e. build is platform dependent!
2016-04-14 12:20:06,417 [Worker-143] INFO  o.e.m.c.i.embedder.EclipseLogger - Copying 0 resource
2016-04-14 12:20:06,418 [Worker-143] WARN  o.e.m.c.i.embedder.EclipseLogger - Using platform encoding (UTF-8 actually) to copy filtered resources, i.e. build is platform dependent!
2016-04-14 12:20:06,419 [Worker-143] INFO  o.e.m.c.i.embedder.EclipseLogger - Copying 0 resource
2016-04-14 12:21:47,662 [Worker-144] WARN  o.e.m.c.i.embedder.EclipseLogger - Using platform encoding (UTF-8 actually) to copy filtered resources, i.e. build is platform dependent!
2016-04-14 12:21:47,663 [Worker-144] INFO  o.e.m.c.i.embedder.EclipseLogger - Copying 0 resource
2016-04-14 12:21:47,665 [Worker-144] WARN  o.e.m.c.i.embedder.EclipseLogger - Using platform encoding (UTF-8 actually) to copy filtered resources, i.e. build is platform dependent!
2016-04-14 12:21:47,666 [Worker-144] INFO  o.e.m.c.i.embedder.EclipseLogger - Copying 0 resource
2016-04-14 12:22:07,443 [Worker-121] WARN  o.e.m.c.i.embedder.EclipseLogger - Using platform encoding (UTF-8 actually) to copy filtered resources, i.e. build is platform dependent!
2016-04-14 12:22:07,444 [Worker-121] INFO  o.e.m.c.i.embedder.EclipseLogger - Copying 0 resource
2016-04-14 12:22:07,447 [Worker-121] WARN  o.e.m.c.i.embedder.EclipseLogger - Using platform encoding (UTF-8 actually) to copy filtered resources, i.e. build is platform dependent!
2016-04-14 12:22:07,447 [Worker-121] INFO  o.e.m.c.i.embedder.EclipseLogger - Copying 0 resource
2016-04-14 12:22:27,748 [Worker-136] WARN  o.e.m.c.i.embedder.EclipseLogger - Using platform encoding (UTF-8 actually) to copy filtered resources, i.e. build is platform dependent!
2016-04-14 12:22:27,749 [Worker-136] INFO  o.e.m.c.i.embedder.EclipseLogger - Copying 0 resource
2016-04-14 12:22:27,751 [Worker-136] WARN  o.e.m.c.i.embedder.EclipseLogger - Using platform encoding (UTF-8 actually) to copy filtered resources, i.e. build is platform dependent!
2016-04-14 12:22:27,751 [Worker-136] INFO  o.e.m.c.i.embedder.EclipseLogger - Copying 0 resource
2016-04-14 12:22:56,414 [Worker-139] WARN  o.e.m.c.i.embedder.EclipseLogger - Using platform encoding (UTF-8 actually) to copy filtered resources, i.e. build is platform dependent!
2016-04-14 12:22:56,415 [Worker-139] INFO  o.e.m.c.i.embedder.EclipseLogger - Copying 0 resource
2016-04-14 12:22:56,416 [Worker-139] WARN  o.e.m.c.i.embedder.EclipseLogger - Using platform encoding (UTF-8 actually) to copy filtered resources, i.e. build is platform dependent!
2016-04-14 12:22:56,417 [Worker-139] INFO  o.e.m.c.i.embedder.EclipseLogger - Copying 0 resource
2016-04-14 12:23:51,235 [Worker-143] WARN  o.e.m.c.i.embedder.EclipseLogger - Using platform encoding (UTF-8 actually) to copy filtered resources, i.e. build is platform dependent!
2016-04-14 12:23:51,237 [Worker-143] INFO  o.e.m.c.i.embedder.EclipseLogger - Copying 0 resource
2016-04-14 12:23:51,238 [Worker-143] WARN  o.e.m.c.i.embedder.EclipseLogger - Using platform encoding (UTF-8 actually) to copy filtered resources, i.e. build is platform dependent!
2016-04-14 12:23:51,239 [Worker-143] INFO  o.e.m.c.i.embedder.EclipseLogger - Copying 0 resource
2016-04-14 12:24:00,443 [Worker-144] WARN  o.e.m.c.i.embedder.EclipseLogger - Using platform encoding (UTF-8 actually) to copy filtered resources, i.e. build is platform dependent!
2016-04-14 12:24:00,443 [Worker-144] INFO  o.e.m.c.i.embedder.EclipseLogger - Copying 0 resource
2016-04-14 12:24:00,444 [Worker-144] WARN  o.e.m.c.i.embedder.EclipseLogger - Using platform encoding (UTF-8 actually) to copy filtered resources, i.e. build is platform dependent!
2016-04-14 12:24:00,445 [Worker-144] INFO  o.e.m.c.i.embedder.EclipseLogger - Copying 0 resource
2016-04-14 12:24:53,607 [Worker-146] WARN  o.e.m.c.i.embedder.EclipseLogger - Using platform encoding (UTF-8 actually) to copy filtered resources, i.e. build is platform dependent!
2016-04-14 12:24:53,608 [Worker-146] INFO  o.e.m.c.i.embedder.EclipseLogger - Copying 0 resource
2016-04-14 12:24:53,609 [Worker-146] WARN  o.e.m.c.i.embedder.EclipseLogger - Using platform encoding (UTF-8 actually) to copy filtered resources, i.e. build is platform dependent!
2016-04-14 12:24:53,609 [Worker-146] INFO  o.e.m.c.i.embedder.EclipseLogger - Copying 0 resource
2016-04-14 12:25:16,584 [Worker-136] WARN  o.e.m.c.i.embedder.EclipseLogger - Using platform encoding (UTF-8 actually) to copy filtered resources, i.e. build is platform dependent!
2016-04-14 12:25:16,585 [Worker-136] INFO  o.e.m.c.i.embedder.EclipseLogger - Copying 0 resource
2016-04-14 12:25:16,587 [Worker-136] WARN  o.e.m.c.i.embedder.EclipseLogger - Using platform encoding (UTF-8 actually) to copy filtered resources, i.e. build is platform dependent!
2016-04-14 12:25:16,587 [Worker-136] INFO  o.e.m.c.i.embedder.EclipseLogger - Copying 0 resource
